
[0;7m------------------------------------------------------------------------------------------------------------------------------------------------
                                     Starting Execution: "3 out of 5" scenarios in the "User Signup" feature                                     
                                                  Scenario Name: "LogIn With Invalid Password"                                                  
                                                                 Scenario Steps:                                                                 
                                                     Given I enter invalid password "123456"                                                     
                                                          When I click on  Login button                                                          
                                               Then I should see  error message "Wrong password."                                               
------------------------------------------------------------------------------------------------------------------------------------------------
[0m
[ReportManager] Scenario Hook: BEFORE @16-05-2024 15:53:35.0252 PM
[ReportManager] Loaded Test Data: "src/test/resources/DynamicData.json". @16-05-2024 15:53:35.0255 PM
[ReportManager] Successfully created attachment 'Test Data - JSON' @16-05-2024 15:53:35.0256 PM
[ReportManager] Setting "targetOperatingSystem" property with "windows". @16-05-2024 15:53:35.0259 PM
[ReportManager] Capabilities {acceptInsecureCerts: true, browserName: chrome, goog:chromeOptions: {args: [--start-maximized], extensions: [], prefs: {download.default_directory: D:\JDK\project\Web-Automati..., download.prompt_for_download: false, profile.default_content_settings.popups: 0}}, pageLoadStrategy: normal, timeouts: {pageLoad: 60000, script: 60000}, unhandledPromptBehavior: ignore, webSocketUrl: true} @16-05-2024 15:53:35.0261 PM
[ReportManager] Attempting to run locally on: "Windows | Chrome". @16-05-2024 15:53:35.0262 PM
[ReportManager] Identifying OS/Driver combination. Please note that if a new browser/driver executable will be downloaded it may take some time depending on your connection... @16-05-2024 15:53:35.0264 PM
[ReportManager] Successfully Opened: "Windows | Chrome". @16-05-2024 15:53:36.0842 PM
[ReportManager] Target URL: "https://www.demoblaze.com/index.html" @16-05-2024 15:53:36.0844 PM
[ReportManager] Initial URL: "about:blank" @16-05-2024 15:53:36.0913 PM
[ReportManager] Navigate to url "https://www.demoblaze.com/index.html". @16-05-2024 15:53:37.0656 PM
[ReportManager] Expected "STORE", and actual "STORE" @16-05-2024 15:53:37.0680 PM
[ReportManager] Successfully created attachment 'Screenshot - Verify_15-53-38-131_16052024' @16-05-2024 15:53:38.0135 PM
[ReportManager] Verification passed @16-05-2024 15:53:38.0136 PM
[ReportManager] Scenario Step: Given I enter invalid password "123456" @16-05-2024 15:53:38.0139 PM
[ReportManager] Moved the mouse to the middle of the element. @16-05-2024 15:53:38.0318 PM
[ReportManager] Click "Log in". @16-05-2024 15:53:38.0438 PM
[ReportManager] Text cleared Using Native Clear @16-05-2024 15:53:38.0653 PM
[ReportManager] Type "123" into "By.id: loginusername". @16-05-2024 15:53:38.0693 PM
[ReportManager] Text cleared Using Native Clear @16-05-2024 15:53:38.0767 PM
[ReportManager] Type "123456" into "By.id: loginpassword". @16-05-2024 15:53:38.0799 PM
[ReportManager] Scenario Step: When I click on  Login button @16-05-2024 15:53:38.0801 PM
[ReportManager] Moved the mouse to the middle of the element. @16-05-2024 15:53:38.0958 PM
[ReportManager] Click "Log in". @16-05-2024 15:53:38.0986 PM
[ReportManager] Scenario Step: Then I should see  error message "Wrong password." @16-05-2024 15:53:38.0987 PM
[ReportManager] Alert action failed. @16-05-2024 15:53:39.0032 PM
[ReportManager] java.lang.reflect.InvocationTargetException: null
 java.base/jdk.internal.reflect.DirectMethodHandleAccessor.invoke(DirectMethodHandleAccessor.java:118)
 java.base/java.lang.reflect.Method.invoke(Method.java:580)
 org.openqa.selenium.support.decorators.WebDriverDecorator.call(WebDriverDecorator.java:249)
 org.openqa.selenium.support.decorators.DefaultDecorated.call(DefaultDecorated.java:48)
 org.openqa.selenium.support.decorators.WebDriverDecorator.lambda$createProxy$2(WebDriverDecorator.java:321)
 net.bytebuddy.renamed.java.lang.Object$ByteBuddy$FI2zLSZU.alert(Unknown Source)
 coreElements.Alerts.lambda$ConfirmAlertMessage$1(Alerts.java:42)
 org.openqa.selenium.support.ui.FluentWait.until(FluentWait.java:203)
 coreElements.Alerts.ConfirmAlertMessage(Alerts.java:40)
 org.example.StepDefinitions.InvalidPass.iShouldSeeErrorMessage(InvalidPass.java:26)
 java.base/jdk.internal.reflect.DirectMethodHandleAccessor.invoke(DirectMethodHandleAccessor.java:103)
 java.base/java.lang.reflect.Method.invoke(Method.java:580)
 io.cucumber.java.Invoker.doInvoke(Invoker.java:66)
 io.cucumber.java.Invoker.invoke(Invoker.java:24)
 io.cucumber.java.AbstractGlueDefinition.invokeMethod(AbstractGlueDefinition.java:47)
 io.cucumber.java.JavaStepDefinition.execute(JavaStepDefinition.java:29)
 io.cucumber.core.runner.CoreStepDefinition.execute(CoreStepDefinition.java:66)
 io.cucumber.core.runner.PickleStepDefinitionMatch.runStep(PickleStepDefinitionMatch.java:63)
 io.cucumber.core.runner.ExecutionMode$1.execute(ExecutionMode.java:10)
 io.cucumber.core.runner.TestStep.executeStep(TestStep.java:81)
 io.cucumber.core.runner.TestStep.run(TestStep.java:53)
 io.cucumber.core.runner.PickleStepTestStep.run(PickleStepTestStep.java:51)
 io.cucumber.core.runner.TestCase.run(TestCase.java:84)
 io.cucumber.core.runner.Runner.runPickle(Runner.java:75)
 io.cucumber.testng.TestNGCucumberRunner.lambda$runScenario$1(TestNGCucumberRunner.java:132)
 io.cucumber.core.runtime.CucumberExecutionContext.lambda$runTestCase$5(CucumberExecutionContext.java:136)
 io.cucumber.core.runtime.RethrowingThrowableCollector.executeAndThrow(RethrowingThrowableCollector.java:23)
 io.cucumber.core.runtime.CucumberExecutionContext.runTestCase(CucumberExecutionContext.java:136)
 io.cucumber.testng.TestNGCucumberRunner.runScenario(TestNGCucumberRunner.java:129)
 io.cucumber.testng.AbstractTestNGCucumberTests.runScenario(AbstractTestNGCucumberTests.java:35)
 java.base/jdk.internal.reflect.DirectMethodHandleAccessor.invoke(DirectMethodHandleAccessor.java:103)
 java.base/java.lang.reflect.Method.invoke(Method.java:580)
 org.testng.internal.invokers.MethodInvocationHelper.invokeMethod(MethodInvocationHelper.java:141)
 org.testng.internal.invokers.TestInvoker.invokeMethod(TestInvoker.java:686)
 org.testng.internal.invokers.TestInvoker.invokeTestMethod(TestInvoker.java:230)
 org.testng.internal.invokers.MethodRunner.runInSequence(MethodRunner.java:63)
 org.testng.internal.invokers.TestInvoker$MethodInvocationAgent.invoke(TestInvoker.java:992)
 org.testng.internal.invokers.TestInvoker.invokeTestMethods(TestInvoker.java:203)
 org.testng.internal.invokers.TestMethodWorker.invokeTestMethods(TestMethodWorker.java:154)
 org.testng.internal.invokers.TestMethodWorker.run(TestMethodWorker.java:134)
 java.base/java.util.ArrayList.forEach(ArrayList.java:1597)
 org.testng.TestRunner.privateRun(TestRunner.java:739)
 org.testng.TestRunner.run(TestRunner.java:614)
 org.testng.SuiteRunner.runTest(SuiteRunner.java:421)
 org.testng.SuiteRunner.runSequentially(SuiteRunner.java:413)
 org.testng.SuiteRunner.privateRun(SuiteRunner.java:373)
 org.testng.SuiteRunner.run(SuiteRunner.java:312)
 org.testng.SuiteRunnerWorker.runSuite(SuiteRunnerWorker.java:52)
 org.testng.SuiteRunnerWorker.run(SuiteRunnerWorker.java:95)
 org.testng.TestNG.runSuitesSequentially(TestNG.java:1274)
 org.testng.TestNG.runSuitesLocally(TestNG.java:1208)
 org.testng.TestNG.runSuites(TestNG.java:1112)
 org.testng.TestNG.run(TestNG.java:1079)
 com.intellij.rt.testng.IDEARemoteTestNG.run(IDEARemoteTestNG.java:65)
 com.intellij.rt.testng.RemoteTestNGStarter.main(RemoteTestNGStarter.java:105)

Caused by: org.openqa.selenium.NoAlertPresentException: no such alert
  (Session info: chrome=124.0.6367.203)
Build info: version: '4.19.1', revision: 'abe0ee07dc'
System info: os.name: 'Windows 10', os.arch: 'amd64', os.version: '10.0', java.version: '22.0.1'
Driver info: org.openqa.selenium.chrome.ChromeDriver
Command: [10f0f06e5757dadc4c1a77ac4f0cda8d, getAlertText {}]
Capabilities {acceptInsecureCerts: true, browserName: chrome, browserVersion: 124.0.6367.203, chrome: {chromedriverVersion: 124.0.6367.207 (a9001a6e39f..., userDataDir: C:\Users\MED5B~1.TAH\AppDat...}, fedcm:accounts: true, goog:chromeOptions: {debuggerAddress: localhost:57388}, networkConnectionEnabled: false, pageLoadStrategy: normal, platformName: windows, proxy: Proxy(), se:cdp: ws://localhost:57388/devtoo..., se:cdpVersion: 124.0.6367.203, setWindowRect: true, strictFileInteractability: false, timeouts: {implicit: 0, pageLoad: 60000, script: 60000}, unhandledPromptBehavior: ignore, webSocketUrl: ws://localhost:8763/session..., webauthn:extension:credBlob: true, webauthn:extension:largeBlob: true, webauthn:extension:minPinLength: true, webauthn:extension:prf: true, webauthn:virtualAuthenticators: true}
Session ID: 10f0f06e5757dadc4c1a77ac4f0cda8d
 java.base/jdk.internal.reflect.DirectConstructorHandleAccessor.newInstance(DirectConstructorHandleAccessor.java:62)
 java.base/java.lang.reflect.Constructor.newInstanceWithCaller(Constructor.java:502)
 java.base/java.lang.reflect.Constructor.newInstance(Constructor.java:486)
 org.openqa.selenium.remote.ErrorCodec.decode(ErrorCodec.java:167)
 org.openqa.selenium.remote.codec.w3c.W3CHttpResponseCodec.decode(W3CHttpResponseCodec.java:138)
 org.openqa.selenium.remote.codec.w3c.W3CHttpResponseCodec.decode(W3CHttpResponseCodec.java:50)
 org.openqa.selenium.remote.HttpCommandExecutor.execute(HttpCommandExecutor.java:190)
 org.openqa.selenium.remote.service.DriverCommandExecutor.invokeExecute(DriverCommandExecutor.java:216)
 org.openqa.selenium.remote.service.DriverCommandExecutor.execute(DriverCommandExecutor.java:174)
 org.openqa.selenium.remote.RemoteWebDriver.execute(RemoteWebDriver.java:518)
 org.openqa.selenium.remote.RemoteWebDriver.execute(RemoteWebDriver.java:591)
 org.openqa.selenium.remote.RemoteWebDriver.execute(RemoteWebDriver.java:595)
 org.openqa.selenium.remote.RemoteWebDriver$RemoteTargetLocator.alert(RemoteWebDriver.java:1163)
 java.base/jdk.internal.reflect.DirectMethodHandleAccessor.invoke(DirectMethodHandleAccessor.java:103)
 java.base/java.lang.reflect.Method.invoke(Method.java:580)
 org.openqa.selenium.support.decorators.WebDriverDecorator.call(WebDriverDecorator.java:249)
 org.openqa.selenium.support.decorators.DefaultDecorated.call(DefaultDecorated.java:48)
 org.openqa.selenium.support.decorators.WebDriverDecorator.lambda$createProxy$2(WebDriverDecorator.java:321)
 net.bytebuddy.renamed.java.lang.Object$ByteBuddy$FI2zLSZU.alert(Unknown Source)
 coreElements.Alerts.lambda$ConfirmAlertMessage$1(Alerts.java:42)
 org.openqa.selenium.support.ui.FluentWait.until(FluentWait.java:203)
 coreElements.Alerts.ConfirmAlertMessage(Alerts.java:40)
 org.example.StepDefinitions.InvalidPass.iShouldSeeErrorMessage(InvalidPass.java:26)
 java.base/jdk.internal.reflect.DirectMethodHandleAccessor.invoke(DirectMethodHandleAccessor.java:103)
 java.base/java.lang.reflect.Method.invoke(Method.java:580)
 io.cucumber.java.Invoker.doInvoke(Invoker.java:66)
 io.cucumber.java.Invoker.invoke(Invoker.java:24)
 io.cucumber.java.AbstractGlueDefinition.invokeMethod(AbstractGlueDefinition.java:47)
 io.cucumber.java.JavaStepDefinition.execute(JavaStepDefinition.java:29)
 io.cucumber.core.runner.CoreStepDefinition.execute(CoreStepDefinition.java:66)
 io.cucumber.core.runner.PickleStepDefinitionMatch.runStep(PickleStepDefinitionMatch.java:63)
 io.cucumber.core.runner.ExecutionMode$1.execute(ExecutionMode.java:10)
 io.cucumber.core.runner.TestStep.executeStep(TestStep.java:81)
 io.cucumber.core.runner.TestStep.run(TestStep.java:53)
 io.cucumber.core.runner.PickleStepTestStep.run(PickleStepTestStep.java:51)
 io.cucumber.core.runner.TestCase.run(TestCase.java:84)
 io.cucumber.core.runner.Runner.runPickle(Runner.java:75)
 io.cucumber.testng.TestNGCucumberRunner.lambda$runScenario$1(TestNGCucumberRunner.java:132)
 io.cucumber.core.runtime.CucumberExecutionContext.lambda$runTestCase$5(CucumberExecutionContext.java:136)
 io.cucumber.core.runtime.RethrowingThrowableCollector.executeAndThrow(RethrowingThrowableCollector.java:23)
 io.cucumber.core.runtime.CucumberExecutionContext.runTestCase(CucumberExecutionContext.java:136)
 io.cucumber.testng.TestNGCucumberRunner.runScenario(TestNGCucumberRunner.java:129)
 io.cucumber.testng.AbstractTestNGCucumberTests.runScenario(AbstractTestNGCucumberTests.java:35)
 java.base/jdk.internal.reflect.DirectMethodHandleAccessor.invoke(DirectMethodHandleAccessor.java:103)
 java.base/java.lang.reflect.Method.invoke(Method.java:580)
 org.testng.internal.invokers.MethodInvocationHelper.invokeMethod(MethodInvocationHelper.java:141)
 org.testng.internal.invokers.TestInvoker.invokeMethod(TestInvoker.java:686)
 org.testng.internal.invokers.TestInvoker.invokeTestMethod(TestInvoker.java:230)
 org.testng.internal.invokers.MethodRunner.runInSequence(MethodRunner.java:63)
 org.testng.internal.invokers.TestInvoker$MethodInvocationAgent.invoke(TestInvoker.java:992)
 org.testng.internal.invokers.TestInvoker.invokeTestMethods(TestInvoker.java:203)
 org.testng.internal.invokers.TestMethodWorker.invokeTestMethods(TestMethodWorker.java:154)
 org.testng.internal.invokers.TestMethodWorker.run(TestMethodWorker.java:134)
 java.base/java.util.ArrayList.forEach(ArrayList.java:1597)
 org.testng.TestRunner.privateRun(TestRunner.java:739)
 org.testng.TestRunner.run(TestRunner.java:614)
 org.testng.SuiteRunner.runTest(SuiteRunner.java:421)
 org.testng.SuiteRunner.runSequentially(SuiteRunner.java:413)
 org.testng.SuiteRunner.privateRun(SuiteRunner.java:373)
 org.testng.SuiteRunner.run(SuiteRunner.java:312)
 org.testng.SuiteRunnerWorker.runSuite(SuiteRunnerWorker.java:52)
 org.testng.SuiteRunnerWorker.run(SuiteRunnerWorker.java:95)
 org.testng.TestNG.runSuitesSequentially(TestNG.java:1274)
 org.testng.TestNG.runSuitesLocally(TestNG.java:1208)
 org.testng.TestNG.runSuites(TestNG.java:1112)
 org.testng.TestNG.run(TestNG.java:1079)
 com.intellij.rt.testng.IDEARemoteTestNG.run(IDEARemoteTestNG.java:65)
 com.intellij.rt.testng.RemoteTestNGStarter.main(RemoteTestNGStarter.java:105) @16-05-2024 15:53:39.0035 PM
[ReportManager] Alert action failed. @16-05-2024 15:53:39.0363 PM
[ReportManager] java.lang.reflect.InvocationTargetException: null
 java.base/jdk.internal.reflect.DirectMethodHandleAccessor.invoke(DirectMethodHandleAccessor.java:118)
 java.base/java.lang.reflect.Method.invoke(Method.java:580)
 org.openqa.selenium.support.decorators.WebDriverDecorator.call(WebDriverDecorator.java:249)
 org.openqa.selenium.support.decorators.DefaultDecorated.call(DefaultDecorated.java:48)
 org.openqa.selenium.support.decorators.WebDriverDecorator.lambda$createProxy$2(WebDriverDecorator.java:321)
 net.bytebuddy.renamed.java.lang.Object$ByteBuddy$7vZYmTWC.alert(Unknown Source)
 coreElements.Alerts.lambda$ConfirmAlertMessage$1(Alerts.java:42)
 org.openqa.selenium.support.ui.FluentWait.until(FluentWait.java:203)
 coreElements.Alerts.ConfirmAlertMessage(Alerts.java:40)
 org.example.StepDefinitions.InvalidPass.iShouldSeeErrorMessage(InvalidPass.java:26)
 java.base/jdk.internal.reflect.DirectMethodHandleAccessor.invoke(DirectMethodHandleAccessor.java:103)
 java.base/java.lang.reflect.Method.invoke(Method.java:580)
 io.cucumber.java.Invoker.doInvoke(Invoker.java:66)
 io.cucumber.java.Invoker.invoke(Invoker.java:24)
 io.cucumber.java.AbstractGlueDefinition.invokeMethod(AbstractGlueDefinition.java:47)
 io.cucumber.java.JavaStepDefinition.execute(JavaStepDefinition.java:29)
 io.cucumber.core.runner.CoreStepDefinition.execute(CoreStepDefinition.java:66)
 io.cucumber.core.runner.PickleStepDefinitionMatch.runStep(PickleStepDefinitionMatch.java:63)
 io.cucumber.core.runner.ExecutionMode$1.execute(ExecutionMode.java:10)
 io.cucumber.core.runner.TestStep.executeStep(TestStep.java:81)
 io.cucumber.core.runner.TestStep.run(TestStep.java:53)
 io.cucumber.core.runner.PickleStepTestStep.run(PickleStepTestStep.java:51)
 io.cucumber.core.runner.TestCase.run(TestCase.java:84)
 io.cucumber.core.runner.Runner.runPickle(Runner.java:75)
 io.cucumber.testng.TestNGCucumberRunner.lambda$runScenario$1(TestNGCucumberRunner.java:132)
 io.cucumber.core.runtime.CucumberExecutionContext.lambda$runTestCase$5(CucumberExecutionContext.java:136)
 io.cucumber.core.runtime.RethrowingThrowableCollector.executeAndThrow(RethrowingThrowableCollector.java:23)
 io.cucumber.core.runtime.CucumberExecutionContext.runTestCase(CucumberExecutionContext.java:136)
 io.cucumber.testng.TestNGCucumberRunner.runScenario(TestNGCucumberRunner.java:129)
 io.cucumber.testng.AbstractTestNGCucumberTests.runScenario(AbstractTestNGCucumberTests.java:35)
 java.base/jdk.internal.reflect.DirectMethodHandleAccessor.invoke(DirectMethodHandleAccessor.java:103)
 java.base/java.lang.reflect.Method.invoke(Method.java:580)
 org.testng.internal.invokers.MethodInvocationHelper.invokeMethod(MethodInvocationHelper.java:141)
 org.testng.internal.invokers.TestInvoker.invokeMethod(TestInvoker.java:686)
 org.testng.internal.invokers.TestInvoker.invokeTestMethod(TestInvoker.java:230)
 org.testng.internal.invokers.MethodRunner.runInSequence(MethodRunner.java:63)
 org.testng.internal.invokers.TestInvoker$MethodInvocationAgent.invoke(TestInvoker.java:992)
 org.testng.internal.invokers.TestInvoker.invokeTestMethods(TestInvoker.java:203)
 org.testng.internal.invokers.TestMethodWorker.invokeTestMethods(TestMethodWorker.java:154)
 org.testng.internal.invokers.TestMethodWorker.run(TestMethodWorker.java:134)
 java.base/java.util.ArrayList.forEach(ArrayList.java:1597)
 org.testng.TestRunner.privateRun(TestRunner.java:739)
 org.testng.TestRunner.run(TestRunner.java:614)
 org.testng.SuiteRunner.runTest(SuiteRunner.java:421)
 org.testng.SuiteRunner.runSequentially(SuiteRunner.java:413)
 org.testng.SuiteRunner.privateRun(SuiteRunner.java:373)
 org.testng.SuiteRunner.run(SuiteRunner.java:312)
 org.testng.SuiteRunnerWorker.runSuite(SuiteRunnerWorker.java:52)
 org.testng.SuiteRunnerWorker.run(SuiteRunnerWorker.java:95)
 org.testng.TestNG.runSuitesSequentially(TestNG.java:1274)
 org.testng.TestNG.runSuitesLocally(TestNG.java:1208)
 org.testng.TestNG.runSuites(TestNG.java:1112)
 org.testng.TestNG.run(TestNG.java:1079)
 com.intellij.rt.testng.IDEARemoteTestNG.run(IDEARemoteTestNG.java:65)
 com.intellij.rt.testng.RemoteTestNGStarter.main(RemoteTestNGStarter.java:105)

Caused by: org.openqa.selenium.NoAlertPresentException: no such alert
  (Session info: chrome=124.0.6367.203)
Build info: version: '4.19.1', revision: 'abe0ee07dc'
System info: os.name: 'Windows 10', os.arch: 'amd64', os.version: '10.0', java.version: '22.0.1'
Driver info: org.openqa.selenium.chrome.ChromeDriver
Command: [10f0f06e5757dadc4c1a77ac4f0cda8d, getAlertText {}]
Capabilities {acceptInsecureCerts: true, browserName: chrome, browserVersion: 124.0.6367.203, chrome: {chromedriverVersion: 124.0.6367.207 (a9001a6e39f..., userDataDir: C:\Users\MED5B~1.TAH\AppDat...}, fedcm:accounts: true, goog:chromeOptions: {debuggerAddress: localhost:57388}, networkConnectionEnabled: false, pageLoadStrategy: normal, platformName: windows, proxy: Proxy(), se:cdp: ws://localhost:57388/devtoo..., se:cdpVersion: 124.0.6367.203, setWindowRect: true, strictFileInteractability: false, timeouts: {implicit: 0, pageLoad: 60000, script: 60000}, unhandledPromptBehavior: ignore, webSocketUrl: ws://localhost:8763/session..., webauthn:extension:credBlob: true, webauthn:extension:largeBlob: true, webauthn:extension:minPinLength: true, webauthn:extension:prf: true, webauthn:virtualAuthenticators: true}
Session ID: 10f0f06e5757dadc4c1a77ac4f0cda8d
 java.base/jdk.internal.reflect.DirectConstructorHandleAccessor.newInstance(DirectConstructorHandleAccessor.java:62)
 java.base/java.lang.reflect.Constructor.newInstanceWithCaller(Constructor.java:502)
 java.base/java.lang.reflect.Constructor.newInstance(Constructor.java:486)
 org.openqa.selenium.remote.ErrorCodec.decode(ErrorCodec.java:167)
 org.openqa.selenium.remote.codec.w3c.W3CHttpResponseCodec.decode(W3CHttpResponseCodec.java:138)
 org.openqa.selenium.remote.codec.w3c.W3CHttpResponseCodec.decode(W3CHttpResponseCodec.java:50)
 org.openqa.selenium.remote.HttpCommandExecutor.execute(HttpCommandExecutor.java:190)
 org.openqa.selenium.remote.service.DriverCommandExecutor.invokeExecute(DriverCommandExecutor.java:216)
 org.openqa.selenium.remote.service.DriverCommandExecutor.execute(DriverCommandExecutor.java:174)
 org.openqa.selenium.remote.RemoteWebDriver.execute(RemoteWebDriver.java:518)
 org.openqa.selenium.remote.RemoteWebDriver.execute(RemoteWebDriver.java:591)
 org.openqa.selenium.remote.RemoteWebDriver.execute(RemoteWebDriver.java:595)
 org.openqa.selenium.remote.RemoteWebDriver$RemoteTargetLocator.alert(RemoteWebDriver.java:1163)
 java.base/jdk.internal.reflect.DirectMethodHandleAccessor.invoke(DirectMethodHandleAccessor.java:103)
 java.base/java.lang.reflect.Method.invoke(Method.java:580)
 org.openqa.selenium.support.decorators.WebDriverDecorator.call(WebDriverDecorator.java:249)
 org.openqa.selenium.support.decorators.DefaultDecorated.call(DefaultDecorated.java:48)
 org.openqa.selenium.support.decorators.WebDriverDecorator.lambda$createProxy$2(WebDriverDecorator.java:321)
 net.bytebuddy.renamed.java.lang.Object$ByteBuddy$7vZYmTWC.alert(Unknown Source)
 coreElements.Alerts.lambda$ConfirmAlertMessage$1(Alerts.java:42)
 org.openqa.selenium.support.ui.FluentWait.until(FluentWait.java:203)
 coreElements.Alerts.ConfirmAlertMessage(Alerts.java:40)
 org.example.StepDefinitions.InvalidPass.iShouldSeeErrorMessage(InvalidPass.java:26)
 java.base/jdk.internal.reflect.DirectMethodHandleAccessor.invoke(DirectMethodHandleAccessor.java:103)
 java.base/java.lang.reflect.Method.invoke(Method.java:580)
 io.cucumber.java.Invoker.doInvoke(Invoker.java:66)
 io.cucumber.java.Invoker.invoke(Invoker.java:24)
 io.cucumber.java.AbstractGlueDefinition.invokeMethod(AbstractGlueDefinition.java:47)
 io.cucumber.java.JavaStepDefinition.execute(JavaStepDefinition.java:29)
 io.cucumber.core.runner.CoreStepDefinition.execute(CoreStepDefinition.java:66)
 io.cucumber.core.runner.PickleStepDefinitionMatch.runStep(PickleStepDefinitionMatch.java:63)
 io.cucumber.core.runner.ExecutionMode$1.execute(ExecutionMode.java:10)
 io.cucumber.core.runner.TestStep.executeStep(TestStep.java:81)
 io.cucumber.core.runner.TestStep.run(TestStep.java:53)
 io.cucumber.core.runner.PickleStepTestStep.run(PickleStepTestStep.java:51)
 io.cucumber.core.runner.TestCase.run(TestCase.java:84)
 io.cucumber.core.runner.Runner.runPickle(Runner.java:75)
 io.cucumber.testng.TestNGCucumberRunner.lambda$runScenario$1(TestNGCucumberRunner.java:132)
 io.cucumber.core.runtime.CucumberExecutionContext.lambda$runTestCase$5(CucumberExecutionContext.java:136)
 io.cucumber.core.runtime.RethrowingThrowableCollector.executeAndThrow(RethrowingThrowableCollector.java:23)
 io.cucumber.core.runtime.CucumberExecutionContext.runTestCase(CucumberExecutionContext.java:136)
 io.cucumber.testng.TestNGCucumberRunner.runScenario(TestNGCucumberRunner.java:129)
 io.cucumber.testng.AbstractTestNGCucumberTests.runScenario(AbstractTestNGCucumberTests.java:35)
 java.base/jdk.internal.reflect.DirectMethodHandleAccessor.invoke(DirectMethodHandleAccessor.java:103)
 java.base/java.lang.reflect.Method.invoke(Method.java:580)
 org.testng.internal.invokers.MethodInvocationHelper.invokeMethod(MethodInvocationHelper.java:141)
 org.testng.internal.invokers.TestInvoker.invokeMethod(TestInvoker.java:686)
 org.testng.internal.invokers.TestInvoker.invokeTestMethod(TestInvoker.java:230)
 org.testng.internal.invokers.MethodRunner.runInSequence(MethodRunner.java:63)
 org.testng.internal.invokers.TestInvoker$MethodInvocationAgent.invoke(TestInvoker.java:992)
 org.testng.internal.invokers.TestInvoker.invokeTestMethods(TestInvoker.java:203)
 org.testng.internal.invokers.TestMethodWorker.invokeTestMethods(TestMethodWorker.java:154)
 org.testng.internal.invokers.TestMethodWorker.run(TestMethodWorker.java:134)
 java.base/java.util.ArrayList.forEach(ArrayList.java:1597)
 org.testng.TestRunner.privateRun(TestRunner.java:739)
 org.testng.TestRunner.run(TestRunner.java:614)
 org.testng.SuiteRunner.runTest(SuiteRunner.java:421)
 org.testng.SuiteRunner.runSequentially(SuiteRunner.java:413)
 org.testng.SuiteRunner.privateRun(SuiteRunner.java:373)
 org.testng.SuiteRunner.run(SuiteRunner.java:312)
 org.testng.SuiteRunnerWorker.runSuite(SuiteRunnerWorker.java:52)
 org.testng.SuiteRunnerWorker.run(SuiteRunnerWorker.java:95)
 org.testng.TestNG.runSuitesSequentially(TestNG.java:1274)
 org.testng.TestNG.runSuitesLocally(TestNG.java:1208)
 org.testng.TestNG.runSuites(TestNG.java:1112)
 org.testng.TestNG.run(TestNG.java:1079)
 com.intellij.rt.testng.IDEARemoteTestNG.run(IDEARemoteTestNG.java:65)
 com.intellij.rt.testng.RemoteTestNGStarter.main(RemoteTestNGStarter.java:105) @16-05-2024 15:53:39.0364 PM
[ReportManager] Scenario Hook: AFTER @16-05-2024 15:53:39.0730 PM
[ReportManager] Successfully Closed Driver. @16-05-2024 15:53:39.0982 PM