
[0;7m------------------------------------------------------------------------------------------------------------------------------------------------
                                  Starting Execution: "5 out of 5" scenarios in the "Purchase Products" feature                                  
                         Scenario Name: "Verify That an Alert message Please fill out Name and Creditcard should appear"                         
                                                                 Scenario Steps:                                                                 
                                                     Given I click on Login button in Header                                                     
                                              When I fill in username  and password  in Login Form                                              
                                               And I validate that account is opened Successfully                                               
                                                And I click on Laptops in categories on home page                                                
                                                            And I choose product one                                                            
                                                And I click on Add to cart button for product one                                                
                                          And I validate that product one is successfully added to cart                                          
                                                      And I click on Cart button in header                                                      
                                                        And I click on Place order button                                                        
                                         And I fill in  place order without UserName and CreditCard form                                         
                                               And I click on Purchase button in place order Form                                               
                                 Then I validate that 'Please fill out Name and Creditcard.' Alert is displayed                                 
------------------------------------------------------------------------------------------------------------------------------------------------
[0m
[ReportManager] Scenario Hook: BEFORE @17-05-2024 15:32:02.0017 PM
[ReportManager] Loaded Test Data: "src/test/resources/DynamicData.json". @17-05-2024 15:32:02.0018 PM
[ReportManager] Successfully created attachment 'Test Data - JSON' @17-05-2024 15:32:02.0019 PM
[ReportManager] Setting "targetOperatingSystem" property with "windows". @17-05-2024 15:32:02.0023 PM
[ReportManager] Capabilities {acceptInsecureCerts: true, browserName: chrome, goog:chromeOptions: {args: [--start-maximized], extensions: [], prefs: {download.default_directory: D:\JDK\project\Web-Automati..., download.prompt_for_download: false, profile.default_content_settings.popups: 0}}, pageLoadStrategy: normal, timeouts: {pageLoad: 60000, script: 60000}, unhandledPromptBehavior: ignore, webSocketUrl: true} @17-05-2024 15:32:02.0025 PM
[ReportManager] Attempting to run locally on: "Windows | Chrome". @17-05-2024 15:32:02.0026 PM
[ReportManager] Identifying OS/Driver combination. Please note that if a new browser/driver executable will be downloaded it may take some time depending on your connection... @17-05-2024 15:32:02.0026 PM
[ReportManager] Successfully Opened: "Windows | Chrome". @17-05-2024 15:32:03.0552 PM
[ReportManager] Target URL: "https://www.demoblaze.com/index.html" @17-05-2024 15:32:03.0554 PM
[ReportManager] Initial URL: "about:blank" @17-05-2024 15:32:03.0589 PM
[ReportManager] Navigate to url "https://www.demoblaze.com/index.html". @17-05-2024 15:32:04.0500 PM
[ReportManager] Expected "STORE", and actual "STORE" @17-05-2024 15:32:04.0523 PM
[ReportManager] Successfully created attachment 'Screenshot - Verify_15-32-05-090_17052024' @17-05-2024 15:32:05.0095 PM
[ReportManager] Verification passed @17-05-2024 15:32:05.0096 PM
[ReportManager] Scenario Step: Given I click on Login button in Header @17-05-2024 15:32:05.0097 PM
[ReportManager] Moved the mouse to the middle of the element. @17-05-2024 15:32:05.0594 PM
[ReportManager] Click "Log in". @17-05-2024 15:32:05.0695 PM
[ReportManager] Scenario Step: When I fill in username  and password  in Login Form @17-05-2024 15:32:05.0696 PM
[ReportManager] Text cleared Using Native Clear @17-05-2024 15:32:06.0021 PM
[ReportManager] Type "Boyd Hermann" into "By.id: loginusername". @17-05-2024 15:32:06.0072 PM
[ReportManager] Text cleared Using Native Clear @17-05-2024 15:32:06.0159 PM
[ReportManager] Type "i2xkrz79hidr5ce" into "By.id: loginpassword". @17-05-2024 15:32:06.0199 PM
[ReportManager] Moved the mouse to the middle of the element. @17-05-2024 15:32:06.0373 PM
[ReportManager] Click "Log in". @17-05-2024 15:32:06.0403 PM
[ReportManager] Scenario Step: And I validate that account is opened Successfully @17-05-2024 15:32:06.0403 PM
[ReportManager] Expected "true", and actual "true" @17-05-2024 15:32:06.0449 PM
[ReportManager] Successfully created attachment 'Screenshot - Assert_15-32-07-327_17052024' @17-05-2024 15:32:07.0330 PM
[ReportManager] Assertion passed @17-05-2024 15:32:07.0330 PM
[ReportManager] Scenario Step: And I click on Laptops in categories on home page @17-05-2024 15:32:07.0330 PM
[ReportManager] Moved the mouse to the middle of the element. @17-05-2024 15:32:07.0486 PM
[ReportManager] Click "Laptops". @17-05-2024 15:32:07.0549 PM
[ReportManager] Scenario Step: And I choose product one @17-05-2024 15:32:07.0551 PM
[ReportManager] Moved the mouse to the middle of the element. @17-05-2024 15:32:07.0720 PM
[ReportManager] Click "Sony vaio i5". @17-05-2024 15:32:08.0162 PM
[ReportManager] Scenario Step: And I click on Add to cart button for product one @17-05-2024 15:32:08.0163 PM
[ReportManager] Moved the mouse to the middle of the element. @17-05-2024 15:32:08.0692 PM
[ReportManager] Click "Add to cart". @17-05-2024 15:32:08.0731 PM
[ReportManager] Scenario Step: And I validate that product one is successfully added to cart @17-05-2024 15:32:08.0732 PM
[ReportManager] Alert action failed. @17-05-2024 15:32:08.0788 PM
[ReportManager] java.lang.reflect.InvocationTargetException: null
 java.base/jdk.internal.reflect.DirectMethodHandleAccessor.invoke(DirectMethodHandleAccessor.java:118)
 java.base/java.lang.reflect.Method.invoke(Method.java:580)
 org.openqa.selenium.support.decorators.WebDriverDecorator.call(WebDriverDecorator.java:249)
 org.openqa.selenium.support.decorators.DefaultDecorated.call(DefaultDecorated.java:48)
 org.openqa.selenium.support.decorators.WebDriverDecorator.lambda$createProxy$2(WebDriverDecorator.java:321)
 net.bytebuddy.renamed.java.lang.Object$ByteBuddy$Ft7bNuin.alert(Unknown Source)
 coreElements.Alerts.lambda$AcceptAlert$0(Alerts.java:28)
 org.openqa.selenium.support.ui.FluentWait.until(FluentWait.java:203)
 coreElements.Alerts.AcceptAlert(Alerts.java:26)
 org.example.StepDefinitions.BuyProduct.ValidateAddToCart(BuyProduct.java:50)
 java.base/jdk.internal.reflect.DirectMethodHandleAccessor.invoke(DirectMethodHandleAccessor.java:103)
 java.base/java.lang.reflect.Method.invoke(Method.java:580)
 io.cucumber.java.Invoker.doInvoke(Invoker.java:66)
 io.cucumber.java.Invoker.invoke(Invoker.java:24)
 io.cucumber.java.AbstractGlueDefinition.invokeMethod(AbstractGlueDefinition.java:47)
 io.cucumber.java.JavaStepDefinition.execute(JavaStepDefinition.java:29)
 io.cucumber.core.runner.CoreStepDefinition.execute(CoreStepDefinition.java:66)
 io.cucumber.core.runner.PickleStepDefinitionMatch.runStep(PickleStepDefinitionMatch.java:63)
 io.cucumber.core.runner.ExecutionMode$1.execute(ExecutionMode.java:10)
 io.cucumber.core.runner.TestStep.executeStep(TestStep.java:81)
 io.cucumber.core.runner.TestStep.run(TestStep.java:53)
 io.cucumber.core.runner.PickleStepTestStep.run(PickleStepTestStep.java:51)
 io.cucumber.core.runner.TestCase.run(TestCase.java:84)
 io.cucumber.core.runner.Runner.runPickle(Runner.java:75)
 io.cucumber.testng.TestNGCucumberRunner.lambda$runScenario$1(TestNGCucumberRunner.java:132)
 io.cucumber.core.runtime.CucumberExecutionContext.lambda$runTestCase$5(CucumberExecutionContext.java:136)
 io.cucumber.core.runtime.RethrowingThrowableCollector.executeAndThrow(RethrowingThrowableCollector.java:23)
 io.cucumber.core.runtime.CucumberExecutionContext.runTestCase(CucumberExecutionContext.java:136)
 io.cucumber.testng.TestNGCucumberRunner.runScenario(TestNGCucumberRunner.java:129)
 io.cucumber.testng.AbstractTestNGCucumberTests.runScenario(AbstractTestNGCucumberTests.java:35)
 java.base/jdk.internal.reflect.DirectMethodHandleAccessor.invoke(DirectMethodHandleAccessor.java:103)
 java.base/java.lang.reflect.Method.invoke(Method.java:580)
 org.testng.internal.invokers.MethodInvocationHelper.invokeMethod(MethodInvocationHelper.java:141)
 org.testng.internal.invokers.TestInvoker.invokeMethod(TestInvoker.java:686)
 org.testng.internal.invokers.TestInvoker.invokeTestMethod(TestInvoker.java:230)
 org.testng.internal.invokers.MethodRunner.runInSequence(MethodRunner.java:63)
 org.testng.internal.invokers.TestInvoker$MethodInvocationAgent.invoke(TestInvoker.java:992)
 org.testng.internal.invokers.TestInvoker.invokeTestMethods(TestInvoker.java:203)
 org.testng.internal.invokers.TestMethodWorker.invokeTestMethods(TestMethodWorker.java:154)
 org.testng.internal.invokers.TestMethodWorker.run(TestMethodWorker.java:134)
 java.base/java.util.ArrayList.forEach(ArrayList.java:1597)
 org.testng.TestRunner.privateRun(TestRunner.java:739)
 org.testng.TestRunner.run(TestRunner.java:614)
 org.testng.SuiteRunner.runTest(SuiteRunner.java:421)
 org.testng.SuiteRunner.runSequentially(SuiteRunner.java:413)
 org.testng.SuiteRunner.privateRun(SuiteRunner.java:373)
 org.testng.SuiteRunner.run(SuiteRunner.java:312)
 org.testng.SuiteRunnerWorker.runSuite(SuiteRunnerWorker.java:52)
 org.testng.SuiteRunnerWorker.run(SuiteRunnerWorker.java:95)
 org.testng.TestNG.runSuitesSequentially(TestNG.java:1274)
 org.testng.TestNG.runSuitesLocally(TestNG.java:1208)
 org.testng.TestNG.runSuites(TestNG.java:1112)
 org.testng.TestNG.run(TestNG.java:1079)
 com.intellij.rt.testng.IDEARemoteTestNG.run(IDEARemoteTestNG.java:65)
 com.intellij.rt.testng.RemoteTestNGStarter.main(RemoteTestNGStarter.java:105)

Caused by: org.openqa.selenium.NoAlertPresentException: no such alert
  (Session info: chrome=124.0.6367.209)
Build info: version: '4.19.1', revision: 'abe0ee07dc'
System info: os.name: 'Windows 10', os.arch: 'amd64', os.version: '10.0', java.version: '22.0.1'
Driver info: org.openqa.selenium.chrome.ChromeDriver
Command: [b7a4abf5a733ea804ca62090caaa349c, getAlertText {}]
Capabilities {acceptInsecureCerts: true, browserName: chrome, browserVersion: 124.0.6367.209, chrome: {chromedriverVersion: 124.0.6367.207 (a9001a6e39f..., userDataDir: C:\Users\MED5B~1.TAH\AppDat...}, fedcm:accounts: true, goog:chromeOptions: {debuggerAddress: localhost:49419}, networkConnectionEnabled: false, pageLoadStrategy: normal, platformName: windows, proxy: Proxy(), se:cdp: ws://localhost:49419/devtoo..., se:cdpVersion: 124.0.6367.209, setWindowRect: true, strictFileInteractability: false, timeouts: {implicit: 0, pageLoad: 60000, script: 60000}, unhandledPromptBehavior: ignore, webSocketUrl: ws://localhost:17689/sessio..., webauthn:extension:credBlob: true, webauthn:extension:largeBlob: true, webauthn:extension:minPinLength: true, webauthn:extension:prf: true, webauthn:virtualAuthenticators: true}
Session ID: b7a4abf5a733ea804ca62090caaa349c
 java.base/jdk.internal.reflect.DirectConstructorHandleAccessor.newInstance(DirectConstructorHandleAccessor.java:62)
 java.base/java.lang.reflect.Constructor.newInstanceWithCaller(Constructor.java:502)
 java.base/java.lang.reflect.Constructor.newInstance(Constructor.java:486)
 org.openqa.selenium.remote.ErrorCodec.decode(ErrorCodec.java:167)
 org.openqa.selenium.remote.codec.w3c.W3CHttpResponseCodec.decode(W3CHttpResponseCodec.java:138)
 org.openqa.selenium.remote.codec.w3c.W3CHttpResponseCodec.decode(W3CHttpResponseCodec.java:50)
 org.openqa.selenium.remote.HttpCommandExecutor.execute(HttpCommandExecutor.java:190)
 org.openqa.selenium.remote.service.DriverCommandExecutor.invokeExecute(DriverCommandExecutor.java:216)
 org.openqa.selenium.remote.service.DriverCommandExecutor.execute(DriverCommandExecutor.java:174)
 org.openqa.selenium.remote.RemoteWebDriver.execute(RemoteWebDriver.java:518)
 org.openqa.selenium.remote.RemoteWebDriver.execute(RemoteWebDriver.java:591)
 org.openqa.selenium.remote.RemoteWebDriver.execute(RemoteWebDriver.java:595)
 org.openqa.selenium.remote.RemoteWebDriver$RemoteTargetLocator.alert(RemoteWebDriver.java:1163)
 java.base/jdk.internal.reflect.DirectMethodHandleAccessor.invoke(DirectMethodHandleAccessor.java:103)
 java.base/java.lang.reflect.Method.invoke(Method.java:580)
 org.openqa.selenium.support.decorators.WebDriverDecorator.call(WebDriverDecorator.java:249)
 org.openqa.selenium.support.decorators.DefaultDecorated.call(DefaultDecorated.java:48)
 org.openqa.selenium.support.decorators.WebDriverDecorator.lambda$createProxy$2(WebDriverDecorator.java:321)
 net.bytebuddy.renamed.java.lang.Object$ByteBuddy$Ft7bNuin.alert(Unknown Source)
 coreElements.Alerts.lambda$AcceptAlert$0(Alerts.java:28)
 org.openqa.selenium.support.ui.FluentWait.until(FluentWait.java:203)
 coreElements.Alerts.AcceptAlert(Alerts.java:26)
 org.example.StepDefinitions.BuyProduct.ValidateAddToCart(BuyProduct.java:50)
 java.base/jdk.internal.reflect.DirectMethodHandleAccessor.invoke(DirectMethodHandleAccessor.java:103)
 java.base/java.lang.reflect.Method.invoke(Method.java:580)
 io.cucumber.java.Invoker.doInvoke(Invoker.java:66)
 io.cucumber.java.Invoker.invoke(Invoker.java:24)
 io.cucumber.java.AbstractGlueDefinition.invokeMethod(AbstractGlueDefinition.java:47)
 io.cucumber.java.JavaStepDefinition.execute(JavaStepDefinition.java:29)
 io.cucumber.core.runner.CoreStepDefinition.execute(CoreStepDefinition.java:66)
 io.cucumber.core.runner.PickleStepDefinitionMatch.runStep(PickleStepDefinitionMatch.java:63)
 io.cucumber.core.runner.ExecutionMode$1.execute(ExecutionMode.java:10)
 io.cucumber.core.runner.TestStep.executeStep(TestStep.java:81)
 io.cucumber.core.runner.TestStep.run(TestStep.java:53)
 io.cucumber.core.runner.PickleStepTestStep.run(PickleStepTestStep.java:51)
 io.cucumber.core.runner.TestCase.run(TestCase.java:84)
 io.cucumber.core.runner.Runner.runPickle(Runner.java:75)
 io.cucumber.testng.TestNGCucumberRunner.lambda$runScenario$1(TestNGCucumberRunner.java:132)
 io.cucumber.core.runtime.CucumberExecutionContext.lambda$runTestCase$5(CucumberExecutionContext.java:136)
 io.cucumber.core.runtime.RethrowingThrowableCollector.executeAndThrow(RethrowingThrowableCollector.java:23)
 io.cucumber.core.runtime.CucumberExecutionContext.runTestCase(CucumberExecutionContext.java:136)
 io.cucumber.testng.TestNGCucumberRunner.runScenario(TestNGCucumberRunner.java:129)
 io.cucumber.testng.AbstractTestNGCucumberTests.runScenario(AbstractTestNGCucumberTests.java:35)
 java.base/jdk.internal.reflect.DirectMethodHandleAccessor.invoke(DirectMethodHandleAccessor.java:103)
 java.base/java.lang.reflect.Method.invoke(Method.java:580)
 org.testng.internal.invokers.MethodInvocationHelper.invokeMethod(MethodInvocationHelper.java:141)
 org.testng.internal.invokers.TestInvoker.invokeMethod(TestInvoker.java:686)
 org.testng.internal.invokers.TestInvoker.invokeTestMethod(TestInvoker.java:230)
 org.testng.internal.invokers.MethodRunner.runInSequence(MethodRunner.java:63)
 org.testng.internal.invokers.TestInvoker$MethodInvocationAgent.invoke(TestInvoker.java:992)
 org.testng.internal.invokers.TestInvoker.invokeTestMethods(TestInvoker.java:203)
 org.testng.internal.invokers.TestMethodWorker.invokeTestMethods(TestMethodWorker.java:154)
 org.testng.internal.invokers.TestMethodWorker.run(TestMethodWorker.java:134)
 java.base/java.util.ArrayList.forEach(ArrayList.java:1597)
 org.testng.TestRunner.privateRun(TestRunner.java:739)
 org.testng.TestRunner.run(TestRunner.java:614)
 org.testng.SuiteRunner.runTest(SuiteRunner.java:421)
 org.testng.SuiteRunner.runSequentially(SuiteRunner.java:413)
 org.testng.SuiteRunner.privateRun(SuiteRunner.java:373)
 org.testng.SuiteRunner.run(SuiteRunner.java:312)
 org.testng.SuiteRunnerWorker.runSuite(SuiteRunnerWorker.java:52)
 org.testng.SuiteRunnerWorker.run(SuiteRunnerWorker.java:95)
 org.testng.TestNG.runSuitesSequentially(TestNG.java:1274)
 org.testng.TestNG.runSuitesLocally(TestNG.java:1208)
 org.testng.TestNG.runSuites(TestNG.java:1112)
 org.testng.TestNG.run(TestNG.java:1079)
 com.intellij.rt.testng.IDEARemoteTestNG.run(IDEARemoteTestNG.java:65)
 com.intellij.rt.testng.RemoteTestNGStarter.main(RemoteTestNGStarter.java:105) @17-05-2024 15:32:08.0789 PM
[ReportManager] Alert action failed. @17-05-2024 15:32:09.0119 PM
[ReportManager] java.lang.reflect.InvocationTargetException: null
 java.base/jdk.internal.reflect.DirectMethodHandleAccessor.invoke(DirectMethodHandleAccessor.java:118)
 java.base/java.lang.reflect.Method.invoke(Method.java:580)
 org.openqa.selenium.support.decorators.WebDriverDecorator.call(WebDriverDecorator.java:249)
 org.openqa.selenium.support.decorators.DefaultDecorated.call(DefaultDecorated.java:48)
 org.openqa.selenium.support.decorators.WebDriverDecorator.lambda$createProxy$2(WebDriverDecorator.java:321)
 net.bytebuddy.renamed.java.lang.Object$ByteBuddy$3u33RgVz.alert(Unknown Source)
 coreElements.Alerts.lambda$AcceptAlert$0(Alerts.java:28)
 org.openqa.selenium.support.ui.FluentWait.until(FluentWait.java:203)
 coreElements.Alerts.AcceptAlert(Alerts.java:26)
 org.example.StepDefinitions.BuyProduct.ValidateAddToCart(BuyProduct.java:50)
 java.base/jdk.internal.reflect.DirectMethodHandleAccessor.invoke(DirectMethodHandleAccessor.java:103)
 java.base/java.lang.reflect.Method.invoke(Method.java:580)
 io.cucumber.java.Invoker.doInvoke(Invoker.java:66)
 io.cucumber.java.Invoker.invoke(Invoker.java:24)
 io.cucumber.java.AbstractGlueDefinition.invokeMethod(AbstractGlueDefinition.java:47)
 io.cucumber.java.JavaStepDefinition.execute(JavaStepDefinition.java:29)
 io.cucumber.core.runner.CoreStepDefinition.execute(CoreStepDefinition.java:66)
 io.cucumber.core.runner.PickleStepDefinitionMatch.runStep(PickleStepDefinitionMatch.java:63)
 io.cucumber.core.runner.ExecutionMode$1.execute(ExecutionMode.java:10)
 io.cucumber.core.runner.TestStep.executeStep(TestStep.java:81)
 io.cucumber.core.runner.TestStep.run(TestStep.java:53)
 io.cucumber.core.runner.PickleStepTestStep.run(PickleStepTestStep.java:51)
 io.cucumber.core.runner.TestCase.run(TestCase.java:84)
 io.cucumber.core.runner.Runner.runPickle(Runner.java:75)
 io.cucumber.testng.TestNGCucumberRunner.lambda$runScenario$1(TestNGCucumberRunner.java:132)
 io.cucumber.core.runtime.CucumberExecutionContext.lambda$runTestCase$5(CucumberExecutionContext.java:136)
 io.cucumber.core.runtime.RethrowingThrowableCollector.executeAndThrow(RethrowingThrowableCollector.java:23)
 io.cucumber.core.runtime.CucumberExecutionContext.runTestCase(CucumberExecutionContext.java:136)
 io.cucumber.testng.TestNGCucumberRunner.runScenario(TestNGCucumberRunner.java:129)
 io.cucumber.testng.AbstractTestNGCucumberTests.runScenario(AbstractTestNGCucumberTests.java:35)
 java.base/jdk.internal.reflect.DirectMethodHandleAccessor.invoke(DirectMethodHandleAccessor.java:103)
 java.base/java.lang.reflect.Method.invoke(Method.java:580)
 org.testng.internal.invokers.MethodInvocationHelper.invokeMethod(MethodInvocationHelper.java:141)
 org.testng.internal.invokers.TestInvoker.invokeMethod(TestInvoker.java:686)
 org.testng.internal.invokers.TestInvoker.invokeTestMethod(TestInvoker.java:230)
 org.testng.internal.invokers.MethodRunner.runInSequence(MethodRunner.java:63)
 org.testng.internal.invokers.TestInvoker$MethodInvocationAgent.invoke(TestInvoker.java:992)
 org.testng.internal.invokers.TestInvoker.invokeTestMethods(TestInvoker.java:203)
 org.testng.internal.invokers.TestMethodWorker.invokeTestMethods(TestMethodWorker.java:154)
 org.testng.internal.invokers.TestMethodWorker.run(TestMethodWorker.java:134)
 java.base/java.util.ArrayList.forEach(ArrayList.java:1597)
 org.testng.TestRunner.privateRun(TestRunner.java:739)
 org.testng.TestRunner.run(TestRunner.java:614)
 org.testng.SuiteRunner.runTest(SuiteRunner.java:421)
 org.testng.SuiteRunner.runSequentially(SuiteRunner.java:413)
 org.testng.SuiteRunner.privateRun(SuiteRunner.java:373)
 org.testng.SuiteRunner.run(SuiteRunner.java:312)
 org.testng.SuiteRunnerWorker.runSuite(SuiteRunnerWorker.java:52)
 org.testng.SuiteRunnerWorker.run(SuiteRunnerWorker.java:95)
 org.testng.TestNG.runSuitesSequentially(TestNG.java:1274)
 org.testng.TestNG.runSuitesLocally(TestNG.java:1208)
 org.testng.TestNG.runSuites(TestNG.java:1112)
 org.testng.TestNG.run(TestNG.java:1079)
 com.intellij.rt.testng.IDEARemoteTestNG.run(IDEARemoteTestNG.java:65)
 com.intellij.rt.testng.RemoteTestNGStarter.main(RemoteTestNGStarter.java:105)

Caused by: org.openqa.selenium.NoAlertPresentException: no such alert
  (Session info: chrome=124.0.6367.209)
Build info: version: '4.19.1', revision: 'abe0ee07dc'
System info: os.name: 'Windows 10', os.arch: 'amd64', os.version: '10.0', java.version: '22.0.1'
Driver info: org.openqa.selenium.chrome.ChromeDriver
Command: [b7a4abf5a733ea804ca62090caaa349c, getAlertText {}]
Capabilities {acceptInsecureCerts: true, browserName: chrome, browserVersion: 124.0.6367.209, chrome: {chromedriverVersion: 124.0.6367.207 (a9001a6e39f..., userDataDir: C:\Users\MED5B~1.TAH\AppDat...}, fedcm:accounts: true, goog:chromeOptions: {debuggerAddress: localhost:49419}, networkConnectionEnabled: false, pageLoadStrategy: normal, platformName: windows, proxy: Proxy(), se:cdp: ws://localhost:49419/devtoo..., se:cdpVersion: 124.0.6367.209, setWindowRect: true, strictFileInteractability: false, timeouts: {implicit: 0, pageLoad: 60000, script: 60000}, unhandledPromptBehavior: ignore, webSocketUrl: ws://localhost:17689/sessio..., webauthn:extension:credBlob: true, webauthn:extension:largeBlob: true, webauthn:extension:minPinLength: true, webauthn:extension:prf: true, webauthn:virtualAuthenticators: true}
Session ID: b7a4abf5a733ea804ca62090caaa349c
 java.base/jdk.internal.reflect.DirectConstructorHandleAccessor.newInstance(DirectConstructorHandleAccessor.java:62)
 java.base/java.lang.reflect.Constructor.newInstanceWithCaller(Constructor.java:502)
 java.base/java.lang.reflect.Constructor.newInstance(Constructor.java:486)
 org.openqa.selenium.remote.ErrorCodec.decode(ErrorCodec.java:167)
 org.openqa.selenium.remote.codec.w3c.W3CHttpResponseCodec.decode(W3CHttpResponseCodec.java:138)
 org.openqa.selenium.remote.codec.w3c.W3CHttpResponseCodec.decode(W3CHttpResponseCodec.java:50)
 org.openqa.selenium.remote.HttpCommandExecutor.execute(HttpCommandExecutor.java:190)
 org.openqa.selenium.remote.service.DriverCommandExecutor.invokeExecute(DriverCommandExecutor.java:216)
 org.openqa.selenium.remote.service.DriverCommandExecutor.execute(DriverCommandExecutor.java:174)
 org.openqa.selenium.remote.RemoteWebDriver.execute(RemoteWebDriver.java:518)
 org.openqa.selenium.remote.RemoteWebDriver.execute(RemoteWebDriver.java:591)
 org.openqa.selenium.remote.RemoteWebDriver.execute(RemoteWebDriver.java:595)
 org.openqa.selenium.remote.RemoteWebDriver$RemoteTargetLocator.alert(RemoteWebDriver.java:1163)
 java.base/jdk.internal.reflect.DirectMethodHandleAccessor.invoke(DirectMethodHandleAccessor.java:103)
 java.base/java.lang.reflect.Method.invoke(Method.java:580)
 org.openqa.selenium.support.decorators.WebDriverDecorator.call(WebDriverDecorator.java:249)
 org.openqa.selenium.support.decorators.DefaultDecorated.call(DefaultDecorated.java:48)
 org.openqa.selenium.support.decorators.WebDriverDecorator.lambda$createProxy$2(WebDriverDecorator.java:321)
 net.bytebuddy.renamed.java.lang.Object$ByteBuddy$3u33RgVz.alert(Unknown Source)
 coreElements.Alerts.lambda$AcceptAlert$0(Alerts.java:28)
 org.openqa.selenium.support.ui.FluentWait.until(FluentWait.java:203)
 coreElements.Alerts.AcceptAlert(Alerts.java:26)
 org.example.StepDefinitions.BuyProduct.ValidateAddToCart(BuyProduct.java:50)
 java.base/jdk.internal.reflect.DirectMethodHandleAccessor.invoke(DirectMethodHandleAccessor.java:103)
 java.base/java.lang.reflect.Method.invoke(Method.java:580)
 io.cucumber.java.Invoker.doInvoke(Invoker.java:66)
 io.cucumber.java.Invoker.invoke(Invoker.java:24)
 io.cucumber.java.AbstractGlueDefinition.invokeMethod(AbstractGlueDefinition.java:47)
 io.cucumber.java.JavaStepDefinition.execute(JavaStepDefinition.java:29)
 io.cucumber.core.runner.CoreStepDefinition.execute(CoreStepDefinition.java:66)
 io.cucumber.core.runner.PickleStepDefinitionMatch.runStep(PickleStepDefinitionMatch.java:63)
 io.cucumber.core.runner.ExecutionMode$1.execute(ExecutionMode.java:10)
 io.cucumber.core.runner.TestStep.executeStep(TestStep.java:81)
 io.cucumber.core.runner.TestStep.run(TestStep.java:53)
 io.cucumber.core.runner.PickleStepTestStep.run(PickleStepTestStep.java:51)
 io.cucumber.core.runner.TestCase.run(TestCase.java:84)
 io.cucumber.core.runner.Runner.runPickle(Runner.java:75)
 io.cucumber.testng.TestNGCucumberRunner.lambda$runScenario$1(TestNGCucumberRunner.java:132)
 io.cucumber.core.runtime.CucumberExecutionContext.lambda$runTestCase$5(CucumberExecutionContext.java:136)
 io.cucumber.core.runtime.RethrowingThrowableCollector.executeAndThrow(RethrowingThrowableCollector.java:23)
 io.cucumber.core.runtime.CucumberExecutionContext.runTestCase(CucumberExecutionContext.java:136)
 io.cucumber.testng.TestNGCucumberRunner.runScenario(TestNGCucumberRunner.java:129)
 io.cucumber.testng.AbstractTestNGCucumberTests.runScenario(AbstractTestNGCucumberTests.java:35)
 java.base/jdk.internal.reflect.DirectMethodHandleAccessor.invoke(DirectMethodHandleAccessor.java:103)
 java.base/java.lang.reflect.Method.invoke(Method.java:580)
 org.testng.internal.invokers.MethodInvocationHelper.invokeMethod(MethodInvocationHelper.java:141)
 org.testng.internal.invokers.TestInvoker.invokeMethod(TestInvoker.java:686)
 org.testng.internal.invokers.TestInvoker.invokeTestMethod(TestInvoker.java:230)
 org.testng.internal.invokers.MethodRunner.runInSequence(MethodRunner.java:63)
 org.testng.internal.invokers.TestInvoker$MethodInvocationAgent.invoke(TestInvoker.java:992)
 org.testng.internal.invokers.TestInvoker.invokeTestMethods(TestInvoker.java:203)
 org.testng.internal.invokers.TestMethodWorker.invokeTestMethods(TestMethodWorker.java:154)
 org.testng.internal.invokers.TestMethodWorker.run(TestMethodWorker.java:134)
 java.base/java.util.ArrayList.forEach(ArrayList.java:1597)
 org.testng.TestRunner.privateRun(TestRunner.java:739)
 org.testng.TestRunner.run(TestRunner.java:614)
 org.testng.SuiteRunner.runTest(SuiteRunner.java:421)
 org.testng.SuiteRunner.runSequentially(SuiteRunner.java:413)
 org.testng.SuiteRunner.privateRun(SuiteRunner.java:373)
 org.testng.SuiteRunner.run(SuiteRunner.java:312)
 org.testng.SuiteRunnerWorker.runSuite(SuiteRunnerWorker.java:52)
 org.testng.SuiteRunnerWorker.run(SuiteRunnerWorker.java:95)
 org.testng.TestNG.runSuitesSequentially(TestNG.java:1274)
 org.testng.TestNG.runSuitesLocally(TestNG.java:1208)
 org.testng.TestNG.runSuites(TestNG.java:1112)
 org.testng.TestNG.run(TestNG.java:1079)
 com.intellij.rt.testng.IDEARemoteTestNG.run(IDEARemoteTestNG.java:65)
 com.intellij.rt.testng.RemoteTestNGStarter.main(RemoteTestNGStarter.java:105) @17-05-2024 15:32:09.0120 PM
[ReportManager] Scenario Step: And I click on Cart button in header @17-05-2024 15:32:09.0486 PM
[ReportManager] Moved the mouse to the middle of the element. @17-05-2024 15:32:09.0659 PM
[ReportManager] Click "Cart". @17-05-2024 15:32:10.0104 PM
[ReportManager] Scenario Step: And I click on Place order button @17-05-2024 15:32:10.0108 PM
[ReportManager] Moved the mouse to the middle of the element. @17-05-2024 15:32:10.0310 PM
[ReportManager] Click "Place Order". @17-05-2024 15:32:10.0337 PM
[ReportManager] Scenario Step: And I fill in  place order without UserName and CreditCard form @17-05-2024 15:32:10.0338 PM
[ReportManager] Text cleared Using Native Clear @17-05-2024 15:32:10.0649 PM
[ReportManager] Type "Egypt" into "By.xpath: //input[@id='country']". @17-05-2024 15:32:10.0716 PM
[ReportManager] Text cleared Using Native Clear @17-05-2024 15:32:10.0836 PM
[ReportManager] Type "Cairo" into "City:". @17-05-2024 15:32:10.0870 PM
[ReportManager] Text cleared Using Native Clear @17-05-2024 15:32:10.0966 PM
[ReportManager] Type "5" into "Month:". @17-05-2024 15:32:11.0000 PM
[ReportManager] Text cleared Using Native Clear @17-05-2024 15:32:11.0086 PM
[ReportManager] Type "2024" into "Year:". @17-05-2024 15:32:11.0125 PM
[ReportManager] Scenario Step: And I click on Purchase button in place order Form @17-05-2024 15:32:11.0125 PM
[ReportManager] Moved the mouse to the middle of the element. @17-05-2024 15:32:11.0287 PM
[ReportManager] Click "Purchase". @17-05-2024 15:32:11.0326 PM
[ReportManager] Scenario Step: Then I validate that 'Please fill out Name and Creditcard.' Alert is displayed @17-05-2024 15:32:11.0327 PM
[ReportManager] Scenario Hook: AFTER @17-05-2024 15:32:11.0478 PM
[ReportManager] Successfully Closed Driver. @17-05-2024 15:32:11.0735 PM