
[0;7m------------------------------------------------------------------------------------------------------------------------------------------------
                                  Starting Execution: "4 out of 4" scenarios in the "Purchase Products" feature                                  
                                      Scenario Name: "Verify that two products are purchased successfully"                                      
                                                                 Scenario Steps:                                                                 
                                                           Given I am on the homepage                                                           
                                                     When I click on Login button in Header                                                     
                                               And I fill in username  and password  in Login Form                                               
                                               And I validate that account is opened Successfully                                               
                                                And I click on Laptops in categories on home page                                                
                                                            And I choose product one                                                            
                                                And I click on Add to cart button for product one                                                
                                          And I validate that product one is successfully added to cart                                          
                                                            And I choose product two                                                            
                                                And I click on Add to cart button for product two                                                
                                          And I validate that product two is successfully added to cart                                          
                                                      And I click on Cart button in header                                                      
                                   Then I validate that both products are successfully added in products page                                   
                                          And I validate that the total amount is calculated correctly                                          
                                                        And I click on Place order button                                                        
                                And I validate that the total amount is calculated correctly in place order page                                
                                                         And I fill in  place order form                                                         
                                               And I click on Purchase button in place order Form                                               
                                        Then I validate that 'Thank you for your purchase!' is displayed                                        
------------------------------------------------------------------------------------------------------------------------------------------------
[0m
[ReportManager] Scenario Hook: BEFORE @15-05-2024 18:00:49.0174 PM
[ReportManager] Loaded Test Data: "src/test/resources/DynamicData.json". @15-05-2024 18:00:49.0178 PM
[ReportManager] Successfully created attachment 'Test Data - JSON' @15-05-2024 18:00:49.0179 PM
[ReportManager] Setting "targetOperatingSystem" property with "windows". @15-05-2024 18:00:49.0186 PM
[ReportManager] Capabilities {acceptInsecureCerts: true, browserName: chrome, goog:chromeOptions: {args: [--start-maximized], extensions: [], prefs: {download.default_directory: D:\JDK\project\Web-Automati..., download.prompt_for_download: false, profile.default_content_settings.popups: 0}}, pageLoadStrategy: normal, timeouts: {pageLoad: 60000, script: 60000}, unhandledPromptBehavior: ignore, webSocketUrl: true} @15-05-2024 18:00:49.0188 PM
[ReportManager] Attempting to run locally on: "Windows | Chrome". @15-05-2024 18:00:49.0189 PM
[ReportManager] Identifying OS/Driver combination. Please note that if a new browser/driver executable will be downloaded it may take some time depending on your connection... @15-05-2024 18:00:49.0189 PM
[ReportManager] Successfully Opened: "Windows | Chrome". @15-05-2024 18:00:50.0653 PM
[ReportManager] Target URL: "https://www.demoblaze.com/index.html" @15-05-2024 18:00:50.0655 PM
[ReportManager] Initial URL: "about:blank" @15-05-2024 18:00:50.0728 PM
[ReportManager] Navigate to url "https://www.demoblaze.com/index.html". @15-05-2024 18:00:52.0344 PM
[ReportManager] Expected "STORE", and actual "STORE" @15-05-2024 18:00:52.0352 PM
[ReportManager] Successfully created attachment 'Screenshot - Verify_18-00-53-165_15052024' @15-05-2024 18:00:53.0169 PM
[ReportManager] Verification passed @15-05-2024 18:00:53.0170 PM
[ReportManager] Scenario Step: Given I am on the homepage @15-05-2024 18:00:53.0186 PM
[ReportManager] Scenario Step: When I click on Login button in Header @15-05-2024 18:00:53.0188 PM
[ReportManager] Moved the mouse to the middle of the element. @15-05-2024 18:00:53.0400 PM
[ReportManager] Click "Log in". @15-05-2024 18:00:53.0440 PM
[ReportManager] Scenario Step: And I fill in username  and password  in Login Form @15-05-2024 18:00:53.0441 PM
[ReportManager] Text cleared Using Native Clear @15-05-2024 18:00:53.0673 PM
[ReportManager] Type "Domenic Boyle" into "By.id: loginusername". @15-05-2024 18:00:53.0716 PM
[ReportManager] Text cleared Using Native Clear @15-05-2024 18:00:53.0788 PM
[ReportManager] Type "t1h1y9fcv3cw32" into "By.id: loginpassword". @15-05-2024 18:00:53.0824 PM
[ReportManager] Moved the mouse to the middle of the element. @15-05-2024 18:00:54.0019 PM
[ReportManager] Click "Log in". @15-05-2024 18:00:54.0060 PM
[ReportManager] Scenario Step: And I validate that account is opened Successfully @15-05-2024 18:00:54.0061 PM
[ReportManager] Expected "true", and actual "true" @15-05-2024 18:00:54.0104 PM
[ReportManager] Successfully created attachment 'Screenshot - Assert_18-00-55-066_15052024' @15-05-2024 18:00:55.0071 PM
[ReportManager] Assertion passed @15-05-2024 18:00:55.0071 PM
[ReportManager] Scenario Step: And I click on Laptops in categories on home page @15-05-2024 18:00:55.0073 PM
[ReportManager] Moved the mouse to the middle of the element. @15-05-2024 18:00:55.0337 PM
[ReportManager] Click "Laptops". @15-05-2024 18:00:55.0423 PM
[ReportManager] Scenario Step: And I choose product one @15-05-2024 18:00:55.0424 PM
[ReportManager] Moved the mouse to the middle of the element. @15-05-2024 18:00:56.0091 PM
[ReportManager] Moved the mouse to the middle of the element. @15-05-2024 18:00:56.0367 PM
[ReportManager] Click "Sony vaio i5". @15-05-2024 18:00:56.0827 PM
[ReportManager] Scenario Step: And I click on Add to cart button for product one @15-05-2024 18:00:56.0828 PM
[ReportManager] Moved the mouse to the middle of the element. @15-05-2024 18:00:57.0826 PM
[ReportManager] Click "Add to cart". @15-05-2024 18:00:57.0863 PM
[ReportManager] Scenario Step: And I validate that product one is successfully added to cart @15-05-2024 18:00:57.0868 PM
[ReportManager] Alert action failed. @15-05-2024 18:00:57.0918 PM
[ReportManager] java.lang.reflect.InvocationTargetException: null
 java.base/jdk.internal.reflect.DirectMethodHandleAccessor.invoke(DirectMethodHandleAccessor.java:118)
 java.base/java.lang.reflect.Method.invoke(Method.java:580)
 org.openqa.selenium.support.decorators.WebDriverDecorator.call(WebDriverDecorator.java:249)
 org.openqa.selenium.support.decorators.DefaultDecorated.call(DefaultDecorated.java:48)
 org.openqa.selenium.support.decorators.WebDriverDecorator.lambda$createProxy$2(WebDriverDecorator.java:321)
 net.bytebuddy.renamed.java.lang.Object$ByteBuddy$EAWYcjtB.alert(Unknown Source)
 coreElements.Alerts.lambda$AcceptAlert$0(Alerts.java:28)
 org.openqa.selenium.support.ui.FluentWait.until(FluentWait.java:203)
 coreElements.Alerts.AcceptAlert(Alerts.java:26)
 org.example.StepDefinitions.BuyProduct.ValidateAddToCart(BuyProduct.java:94)
 java.base/jdk.internal.reflect.DirectMethodHandleAccessor.invoke(DirectMethodHandleAccessor.java:103)
 java.base/java.lang.reflect.Method.invoke(Method.java:580)
 io.cucumber.java.Invoker.doInvoke(Invoker.java:66)
 io.cucumber.java.Invoker.invoke(Invoker.java:24)
 io.cucumber.java.AbstractGlueDefinition.invokeMethod(AbstractGlueDefinition.java:47)
 io.cucumber.java.JavaStepDefinition.execute(JavaStepDefinition.java:29)
 io.cucumber.core.runner.CoreStepDefinition.execute(CoreStepDefinition.java:66)
 io.cucumber.core.runner.PickleStepDefinitionMatch.runStep(PickleStepDefinitionMatch.java:63)
 io.cucumber.core.runner.ExecutionMode$1.execute(ExecutionMode.java:10)
 io.cucumber.core.runner.TestStep.executeStep(TestStep.java:81)
 io.cucumber.core.runner.TestStep.run(TestStep.java:53)
 io.cucumber.core.runner.PickleStepTestStep.run(PickleStepTestStep.java:51)
 io.cucumber.core.runner.TestCase.run(TestCase.java:84)
 io.cucumber.core.runner.Runner.runPickle(Runner.java:75)
 io.cucumber.testng.TestNGCucumberRunner.lambda$runScenario$1(TestNGCucumberRunner.java:132)
 io.cucumber.core.runtime.CucumberExecutionContext.lambda$runTestCase$5(CucumberExecutionContext.java:136)
 io.cucumber.core.runtime.RethrowingThrowableCollector.executeAndThrow(RethrowingThrowableCollector.java:23)
 io.cucumber.core.runtime.CucumberExecutionContext.runTestCase(CucumberExecutionContext.java:136)
 io.cucumber.testng.TestNGCucumberRunner.runScenario(TestNGCucumberRunner.java:129)
 io.cucumber.testng.AbstractTestNGCucumberTests.runScenario(AbstractTestNGCucumberTests.java:35)
 java.base/jdk.internal.reflect.DirectMethodHandleAccessor.invoke(DirectMethodHandleAccessor.java:103)
 java.base/java.lang.reflect.Method.invoke(Method.java:580)
 org.testng.internal.invokers.MethodInvocationHelper.invokeMethod(MethodInvocationHelper.java:141)
 org.testng.internal.invokers.TestInvoker.invokeMethod(TestInvoker.java:686)
 org.testng.internal.invokers.TestInvoker.invokeTestMethod(TestInvoker.java:230)
 org.testng.internal.invokers.MethodRunner.runInSequence(MethodRunner.java:63)
 org.testng.internal.invokers.TestInvoker$MethodInvocationAgent.invoke(TestInvoker.java:992)
 org.testng.internal.invokers.TestInvoker.invokeTestMethods(TestInvoker.java:203)
 org.testng.internal.invokers.TestMethodWorker.invokeTestMethods(TestMethodWorker.java:154)
 org.testng.internal.invokers.TestMethodWorker.run(TestMethodWorker.java:134)
 java.base/java.util.ArrayList.forEach(ArrayList.java:1597)
 org.testng.TestRunner.privateRun(TestRunner.java:739)
 org.testng.TestRunner.run(TestRunner.java:614)
 org.testng.SuiteRunner.runTest(SuiteRunner.java:421)
 org.testng.SuiteRunner.runSequentially(SuiteRunner.java:413)
 org.testng.SuiteRunner.privateRun(SuiteRunner.java:373)
 org.testng.SuiteRunner.run(SuiteRunner.java:312)
 org.testng.SuiteRunnerWorker.runSuite(SuiteRunnerWorker.java:52)
 org.testng.SuiteRunnerWorker.run(SuiteRunnerWorker.java:95)
 org.testng.TestNG.runSuitesSequentially(TestNG.java:1274)
 org.testng.TestNG.runSuitesLocally(TestNG.java:1208)
 org.testng.TestNG.runSuites(TestNG.java:1112)
 org.testng.TestNG.run(TestNG.java:1079)
 com.intellij.rt.testng.IDEARemoteTestNG.run(IDEARemoteTestNG.java:65)
 com.intellij.rt.testng.RemoteTestNGStarter.main(RemoteTestNGStarter.java:105)

Caused by: org.openqa.selenium.NoAlertPresentException: no such alert
  (Session info: chrome=124.0.6367.203)
Build info: version: '4.19.1', revision: 'abe0ee07dc'
System info: os.name: 'Windows 10', os.arch: 'amd64', os.version: '10.0', java.version: '22.0.1'
Driver info: org.openqa.selenium.chrome.ChromeDriver
Command: [90bf63286b044bf7e1d99c32290e329c, getAlertText {}]
Capabilities {acceptInsecureCerts: true, browserName: chrome, browserVersion: 124.0.6367.203, chrome: {chromedriverVersion: 124.0.6367.207 (a9001a6e39f..., userDataDir: C:\Users\MED5B~1.TAH\AppDat...}, fedcm:accounts: true, goog:chromeOptions: {debuggerAddress: localhost:62500}, networkConnectionEnabled: false, pageLoadStrategy: normal, platformName: windows, proxy: Proxy(), se:cdp: ws://localhost:62500/devtoo..., se:cdpVersion: 124.0.6367.203, setWindowRect: true, strictFileInteractability: false, timeouts: {implicit: 0, pageLoad: 60000, script: 60000}, unhandledPromptBehavior: ignore, webSocketUrl: ws://localhost:43175/sessio..., webauthn:extension:credBlob: true, webauthn:extension:largeBlob: true, webauthn:extension:minPinLength: true, webauthn:extension:prf: true, webauthn:virtualAuthenticators: true}
Session ID: 90bf63286b044bf7e1d99c32290e329c
 java.base/jdk.internal.reflect.DirectConstructorHandleAccessor.newInstance(DirectConstructorHandleAccessor.java:62)
 java.base/java.lang.reflect.Constructor.newInstanceWithCaller(Constructor.java:502)
 java.base/java.lang.reflect.Constructor.newInstance(Constructor.java:486)
 org.openqa.selenium.remote.ErrorCodec.decode(ErrorCodec.java:167)
 org.openqa.selenium.remote.codec.w3c.W3CHttpResponseCodec.decode(W3CHttpResponseCodec.java:138)
 org.openqa.selenium.remote.codec.w3c.W3CHttpResponseCodec.decode(W3CHttpResponseCodec.java:50)
 org.openqa.selenium.remote.HttpCommandExecutor.execute(HttpCommandExecutor.java:190)
 org.openqa.selenium.remote.service.DriverCommandExecutor.invokeExecute(DriverCommandExecutor.java:216)
 org.openqa.selenium.remote.service.DriverCommandExecutor.execute(DriverCommandExecutor.java:174)
 org.openqa.selenium.remote.RemoteWebDriver.execute(RemoteWebDriver.java:518)
 org.openqa.selenium.remote.RemoteWebDriver.execute(RemoteWebDriver.java:591)
 org.openqa.selenium.remote.RemoteWebDriver.execute(RemoteWebDriver.java:595)
 org.openqa.selenium.remote.RemoteWebDriver$RemoteTargetLocator.alert(RemoteWebDriver.java:1163)
 java.base/jdk.internal.reflect.DirectMethodHandleAccessor.invoke(DirectMethodHandleAccessor.java:103)
 java.base/java.lang.reflect.Method.invoke(Method.java:580)
 org.openqa.selenium.support.decorators.WebDriverDecorator.call(WebDriverDecorator.java:249)
 org.openqa.selenium.support.decorators.DefaultDecorated.call(DefaultDecorated.java:48)
 org.openqa.selenium.support.decorators.WebDriverDecorator.lambda$createProxy$2(WebDriverDecorator.java:321)
 net.bytebuddy.renamed.java.lang.Object$ByteBuddy$EAWYcjtB.alert(Unknown Source)
 coreElements.Alerts.lambda$AcceptAlert$0(Alerts.java:28)
 org.openqa.selenium.support.ui.FluentWait.until(FluentWait.java:203)
 coreElements.Alerts.AcceptAlert(Alerts.java:26)
 org.example.StepDefinitions.BuyProduct.ValidateAddToCart(BuyProduct.java:94)
 java.base/jdk.internal.reflect.DirectMethodHandleAccessor.invoke(DirectMethodHandleAccessor.java:103)
 java.base/java.lang.reflect.Method.invoke(Method.java:580)
 io.cucumber.java.Invoker.doInvoke(Invoker.java:66)
 io.cucumber.java.Invoker.invoke(Invoker.java:24)
 io.cucumber.java.AbstractGlueDefinition.invokeMethod(AbstractGlueDefinition.java:47)
 io.cucumber.java.JavaStepDefinition.execute(JavaStepDefinition.java:29)
 io.cucumber.core.runner.CoreStepDefinition.execute(CoreStepDefinition.java:66)
 io.cucumber.core.runner.PickleStepDefinitionMatch.runStep(PickleStepDefinitionMatch.java:63)
 io.cucumber.core.runner.ExecutionMode$1.execute(ExecutionMode.java:10)
 io.cucumber.core.runner.TestStep.executeStep(TestStep.java:81)
 io.cucumber.core.runner.TestStep.run(TestStep.java:53)
 io.cucumber.core.runner.PickleStepTestStep.run(PickleStepTestStep.java:51)
 io.cucumber.core.runner.TestCase.run(TestCase.java:84)
 io.cucumber.core.runner.Runner.runPickle(Runner.java:75)
 io.cucumber.testng.TestNGCucumberRunner.lambda$runScenario$1(TestNGCucumberRunner.java:132)
 io.cucumber.core.runtime.CucumberExecutionContext.lambda$runTestCase$5(CucumberExecutionContext.java:136)
 io.cucumber.core.runtime.RethrowingThrowableCollector.executeAndThrow(RethrowingThrowableCollector.java:23)
 io.cucumber.core.runtime.CucumberExecutionContext.runTestCase(CucumberExecutionContext.java:136)
 io.cucumber.testng.TestNGCucumberRunner.runScenario(TestNGCucumberRunner.java:129)
 io.cucumber.testng.AbstractTestNGCucumberTests.runScenario(AbstractTestNGCucumberTests.java:35)
 java.base/jdk.internal.reflect.DirectMethodHandleAccessor.invoke(DirectMethodHandleAccessor.java:103)
 java.base/java.lang.reflect.Method.invoke(Method.java:580)
 org.testng.internal.invokers.MethodInvocationHelper.invokeMethod(MethodInvocationHelper.java:141)
 org.testng.internal.invokers.TestInvoker.invokeMethod(TestInvoker.java:686)
 org.testng.internal.invokers.TestInvoker.invokeTestMethod(TestInvoker.java:230)
 org.testng.internal.invokers.MethodRunner.runInSequence(MethodRunner.java:63)
 org.testng.internal.invokers.TestInvoker$MethodInvocationAgent.invoke(TestInvoker.java:992)
 org.testng.internal.invokers.TestInvoker.invokeTestMethods(TestInvoker.java:203)
 org.testng.internal.invokers.TestMethodWorker.invokeTestMethods(TestMethodWorker.java:154)
 org.testng.internal.invokers.TestMethodWorker.run(TestMethodWorker.java:134)
 java.base/java.util.ArrayList.forEach(ArrayList.java:1597)
 org.testng.TestRunner.privateRun(TestRunner.java:739)
 org.testng.TestRunner.run(TestRunner.java:614)
 org.testng.SuiteRunner.runTest(SuiteRunner.java:421)
 org.testng.SuiteRunner.runSequentially(SuiteRunner.java:413)
 org.testng.SuiteRunner.privateRun(SuiteRunner.java:373)
 org.testng.SuiteRunner.run(SuiteRunner.java:312)
 org.testng.SuiteRunnerWorker.runSuite(SuiteRunnerWorker.java:52)
 org.testng.SuiteRunnerWorker.run(SuiteRunnerWorker.java:95)
 org.testng.TestNG.runSuitesSequentially(TestNG.java:1274)
 org.testng.TestNG.runSuitesLocally(TestNG.java:1208)
 org.testng.TestNG.runSuites(TestNG.java:1112)
 org.testng.TestNG.run(TestNG.java:1079)
 com.intellij.rt.testng.IDEARemoteTestNG.run(IDEARemoteTestNG.java:65)
 com.intellij.rt.testng.RemoteTestNGStarter.main(RemoteTestNGStarter.java:105) @15-05-2024 18:00:57.0920 PM
[ReportManager] Alert action failed. @15-05-2024 18:00:58.0249 PM
[ReportManager] java.lang.reflect.InvocationTargetException: null
 java.base/jdk.internal.reflect.DirectMethodHandleAccessor.invoke(DirectMethodHandleAccessor.java:118)
 java.base/java.lang.reflect.Method.invoke(Method.java:580)
 org.openqa.selenium.support.decorators.WebDriverDecorator.call(WebDriverDecorator.java:249)
 org.openqa.selenium.support.decorators.DefaultDecorated.call(DefaultDecorated.java:48)
 org.openqa.selenium.support.decorators.WebDriverDecorator.lambda$createProxy$2(WebDriverDecorator.java:321)
 net.bytebuddy.renamed.java.lang.Object$ByteBuddy$huRKJL0y.alert(Unknown Source)
 coreElements.Alerts.lambda$AcceptAlert$0(Alerts.java:28)
 org.openqa.selenium.support.ui.FluentWait.until(FluentWait.java:203)
 coreElements.Alerts.AcceptAlert(Alerts.java:26)
 org.example.StepDefinitions.BuyProduct.ValidateAddToCart(BuyProduct.java:94)
 java.base/jdk.internal.reflect.DirectMethodHandleAccessor.invoke(DirectMethodHandleAccessor.java:103)
 java.base/java.lang.reflect.Method.invoke(Method.java:580)
 io.cucumber.java.Invoker.doInvoke(Invoker.java:66)
 io.cucumber.java.Invoker.invoke(Invoker.java:24)
 io.cucumber.java.AbstractGlueDefinition.invokeMethod(AbstractGlueDefinition.java:47)
 io.cucumber.java.JavaStepDefinition.execute(JavaStepDefinition.java:29)
 io.cucumber.core.runner.CoreStepDefinition.execute(CoreStepDefinition.java:66)
 io.cucumber.core.runner.PickleStepDefinitionMatch.runStep(PickleStepDefinitionMatch.java:63)
 io.cucumber.core.runner.ExecutionMode$1.execute(ExecutionMode.java:10)
 io.cucumber.core.runner.TestStep.executeStep(TestStep.java:81)
 io.cucumber.core.runner.TestStep.run(TestStep.java:53)
 io.cucumber.core.runner.PickleStepTestStep.run(PickleStepTestStep.java:51)
 io.cucumber.core.runner.TestCase.run(TestCase.java:84)
 io.cucumber.core.runner.Runner.runPickle(Runner.java:75)
 io.cucumber.testng.TestNGCucumberRunner.lambda$runScenario$1(TestNGCucumberRunner.java:132)
 io.cucumber.core.runtime.CucumberExecutionContext.lambda$runTestCase$5(CucumberExecutionContext.java:136)
 io.cucumber.core.runtime.RethrowingThrowableCollector.executeAndThrow(RethrowingThrowableCollector.java:23)
 io.cucumber.core.runtime.CucumberExecutionContext.runTestCase(CucumberExecutionContext.java:136)
 io.cucumber.testng.TestNGCucumberRunner.runScenario(TestNGCucumberRunner.java:129)
 io.cucumber.testng.AbstractTestNGCucumberTests.runScenario(AbstractTestNGCucumberTests.java:35)
 java.base/jdk.internal.reflect.DirectMethodHandleAccessor.invoke(DirectMethodHandleAccessor.java:103)
 java.base/java.lang.reflect.Method.invoke(Method.java:580)
 org.testng.internal.invokers.MethodInvocationHelper.invokeMethod(MethodInvocationHelper.java:141)
 org.testng.internal.invokers.TestInvoker.invokeMethod(TestInvoker.java:686)
 org.testng.internal.invokers.TestInvoker.invokeTestMethod(TestInvoker.java:230)
 org.testng.internal.invokers.MethodRunner.runInSequence(MethodRunner.java:63)
 org.testng.internal.invokers.TestInvoker$MethodInvocationAgent.invoke(TestInvoker.java:992)
 org.testng.internal.invokers.TestInvoker.invokeTestMethods(TestInvoker.java:203)
 org.testng.internal.invokers.TestMethodWorker.invokeTestMethods(TestMethodWorker.java:154)
 org.testng.internal.invokers.TestMethodWorker.run(TestMethodWorker.java:134)
 java.base/java.util.ArrayList.forEach(ArrayList.java:1597)
 org.testng.TestRunner.privateRun(TestRunner.java:739)
 org.testng.TestRunner.run(TestRunner.java:614)
 org.testng.SuiteRunner.runTest(SuiteRunner.java:421)
 org.testng.SuiteRunner.runSequentially(SuiteRunner.java:413)
 org.testng.SuiteRunner.privateRun(SuiteRunner.java:373)
 org.testng.SuiteRunner.run(SuiteRunner.java:312)
 org.testng.SuiteRunnerWorker.runSuite(SuiteRunnerWorker.java:52)
 org.testng.SuiteRunnerWorker.run(SuiteRunnerWorker.java:95)
 org.testng.TestNG.runSuitesSequentially(TestNG.java:1274)
 org.testng.TestNG.runSuitesLocally(TestNG.java:1208)
 org.testng.TestNG.runSuites(TestNG.java:1112)
 org.testng.TestNG.run(TestNG.java:1079)
 com.intellij.rt.testng.IDEARemoteTestNG.run(IDEARemoteTestNG.java:65)
 com.intellij.rt.testng.RemoteTestNGStarter.main(RemoteTestNGStarter.java:105)

Caused by: org.openqa.selenium.NoAlertPresentException: no such alert
  (Session info: chrome=124.0.6367.203)
Build info: version: '4.19.1', revision: 'abe0ee07dc'
System info: os.name: 'Windows 10', os.arch: 'amd64', os.version: '10.0', java.version: '22.0.1'
Driver info: org.openqa.selenium.chrome.ChromeDriver
Command: [90bf63286b044bf7e1d99c32290e329c, getAlertText {}]
Capabilities {acceptInsecureCerts: true, browserName: chrome, browserVersion: 124.0.6367.203, chrome: {chromedriverVersion: 124.0.6367.207 (a9001a6e39f..., userDataDir: C:\Users\MED5B~1.TAH\AppDat...}, fedcm:accounts: true, goog:chromeOptions: {debuggerAddress: localhost:62500}, networkConnectionEnabled: false, pageLoadStrategy: normal, platformName: windows, proxy: Proxy(), se:cdp: ws://localhost:62500/devtoo..., se:cdpVersion: 124.0.6367.203, setWindowRect: true, strictFileInteractability: false, timeouts: {implicit: 0, pageLoad: 60000, script: 60000}, unhandledPromptBehavior: ignore, webSocketUrl: ws://localhost:43175/sessio..., webauthn:extension:credBlob: true, webauthn:extension:largeBlob: true, webauthn:extension:minPinLength: true, webauthn:extension:prf: true, webauthn:virtualAuthenticators: true}
Session ID: 90bf63286b044bf7e1d99c32290e329c
 java.base/jdk.internal.reflect.DirectConstructorHandleAccessor.newInstance(DirectConstructorHandleAccessor.java:62)
 java.base/java.lang.reflect.Constructor.newInstanceWithCaller(Constructor.java:502)
 java.base/java.lang.reflect.Constructor.newInstance(Constructor.java:486)
 org.openqa.selenium.remote.ErrorCodec.decode(ErrorCodec.java:167)
 org.openqa.selenium.remote.codec.w3c.W3CHttpResponseCodec.decode(W3CHttpResponseCodec.java:138)
 org.openqa.selenium.remote.codec.w3c.W3CHttpResponseCodec.decode(W3CHttpResponseCodec.java:50)
 org.openqa.selenium.remote.HttpCommandExecutor.execute(HttpCommandExecutor.java:190)
 org.openqa.selenium.remote.service.DriverCommandExecutor.invokeExecute(DriverCommandExecutor.java:216)
 org.openqa.selenium.remote.service.DriverCommandExecutor.execute(DriverCommandExecutor.java:174)
 org.openqa.selenium.remote.RemoteWebDriver.execute(RemoteWebDriver.java:518)
 org.openqa.selenium.remote.RemoteWebDriver.execute(RemoteWebDriver.java:591)
 org.openqa.selenium.remote.RemoteWebDriver.execute(RemoteWebDriver.java:595)
 org.openqa.selenium.remote.RemoteWebDriver$RemoteTargetLocator.alert(RemoteWebDriver.java:1163)
 java.base/jdk.internal.reflect.DirectMethodHandleAccessor.invoke(DirectMethodHandleAccessor.java:103)
 java.base/java.lang.reflect.Method.invoke(Method.java:580)
 org.openqa.selenium.support.decorators.WebDriverDecorator.call(WebDriverDecorator.java:249)
 org.openqa.selenium.support.decorators.DefaultDecorated.call(DefaultDecorated.java:48)
 org.openqa.selenium.support.decorators.WebDriverDecorator.lambda$createProxy$2(WebDriverDecorator.java:321)
 net.bytebuddy.renamed.java.lang.Object$ByteBuddy$huRKJL0y.alert(Unknown Source)
 coreElements.Alerts.lambda$AcceptAlert$0(Alerts.java:28)
 org.openqa.selenium.support.ui.FluentWait.until(FluentWait.java:203)
 coreElements.Alerts.AcceptAlert(Alerts.java:26)
 org.example.StepDefinitions.BuyProduct.ValidateAddToCart(BuyProduct.java:94)
 java.base/jdk.internal.reflect.DirectMethodHandleAccessor.invoke(DirectMethodHandleAccessor.java:103)
 java.base/java.lang.reflect.Method.invoke(Method.java:580)
 io.cucumber.java.Invoker.doInvoke(Invoker.java:66)
 io.cucumber.java.Invoker.invoke(Invoker.java:24)
 io.cucumber.java.AbstractGlueDefinition.invokeMethod(AbstractGlueDefinition.java:47)
 io.cucumber.java.JavaStepDefinition.execute(JavaStepDefinition.java:29)
 io.cucumber.core.runner.CoreStepDefinition.execute(CoreStepDefinition.java:66)
 io.cucumber.core.runner.PickleStepDefinitionMatch.runStep(PickleStepDefinitionMatch.java:63)
 io.cucumber.core.runner.ExecutionMode$1.execute(ExecutionMode.java:10)
 io.cucumber.core.runner.TestStep.executeStep(TestStep.java:81)
 io.cucumber.core.runner.TestStep.run(TestStep.java:53)
 io.cucumber.core.runner.PickleStepTestStep.run(PickleStepTestStep.java:51)
 io.cucumber.core.runner.TestCase.run(TestCase.java:84)
 io.cucumber.core.runner.Runner.runPickle(Runner.java:75)
 io.cucumber.testng.TestNGCucumberRunner.lambda$runScenario$1(TestNGCucumberRunner.java:132)
 io.cucumber.core.runtime.CucumberExecutionContext.lambda$runTestCase$5(CucumberExecutionContext.java:136)
 io.cucumber.core.runtime.RethrowingThrowableCollector.executeAndThrow(RethrowingThrowableCollector.java:23)
 io.cucumber.core.runtime.CucumberExecutionContext.runTestCase(CucumberExecutionContext.java:136)
 io.cucumber.testng.TestNGCucumberRunner.runScenario(TestNGCucumberRunner.java:129)
 io.cucumber.testng.AbstractTestNGCucumberTests.runScenario(AbstractTestNGCucumberTests.java:35)
 java.base/jdk.internal.reflect.DirectMethodHandleAccessor.invoke(DirectMethodHandleAccessor.java:103)
 java.base/java.lang.reflect.Method.invoke(Method.java:580)
 org.testng.internal.invokers.MethodInvocationHelper.invokeMethod(MethodInvocationHelper.java:141)
 org.testng.internal.invokers.TestInvoker.invokeMethod(TestInvoker.java:686)
 org.testng.internal.invokers.TestInvoker.invokeTestMethod(TestInvoker.java:230)
 org.testng.internal.invokers.MethodRunner.runInSequence(MethodRunner.java:63)
 org.testng.internal.invokers.TestInvoker$MethodInvocationAgent.invoke(TestInvoker.java:992)
 org.testng.internal.invokers.TestInvoker.invokeTestMethods(TestInvoker.java:203)
 org.testng.internal.invokers.TestMethodWorker.invokeTestMethods(TestMethodWorker.java:154)
 org.testng.internal.invokers.TestMethodWorker.run(TestMethodWorker.java:134)
 java.base/java.util.ArrayList.forEach(ArrayList.java:1597)
 org.testng.TestRunner.privateRun(TestRunner.java:739)
 org.testng.TestRunner.run(TestRunner.java:614)
 org.testng.SuiteRunner.runTest(SuiteRunner.java:421)
 org.testng.SuiteRunner.runSequentially(SuiteRunner.java:413)
 org.testng.SuiteRunner.privateRun(SuiteRunner.java:373)
 org.testng.SuiteRunner.run(SuiteRunner.java:312)
 org.testng.SuiteRunnerWorker.runSuite(SuiteRunnerWorker.java:52)
 org.testng.SuiteRunnerWorker.run(SuiteRunnerWorker.java:95)
 org.testng.TestNG.runSuitesSequentially(TestNG.java:1274)
 org.testng.TestNG.runSuitesLocally(TestNG.java:1208)
 org.testng.TestNG.runSuites(TestNG.java:1112)
 org.testng.TestNG.run(TestNG.java:1079)
 com.intellij.rt.testng.IDEARemoteTestNG.run(IDEARemoteTestNG.java:65)
 com.intellij.rt.testng.RemoteTestNGStarter.main(RemoteTestNGStarter.java:105) @15-05-2024 18:00:58.0250 PM
[ReportManager] Scenario Step: And I choose product two @15-05-2024 18:00:58.0620 PM
[ReportManager] Moved the mouse to the middle of the element. @15-05-2024 18:00:58.0790 PM
[ReportManager] Click "Home (current)". @15-05-2024 18:00:59.0146 PM
[ReportManager] Moved the mouse to the middle of the element. @15-05-2024 18:00:59.0301 PM
[ReportManager] Click "Laptops". @15-05-2024 18:00:59.0388 PM
[ReportManager] Moved the mouse to the middle of the element. @15-05-2024 18:00:59.0559 PM
[ReportManager] Click "Sony vaio i7". @15-05-2024 18:00:59.0889 PM
[ReportManager] Scenario Step: And I click on Add to cart button for product two @15-05-2024 18:00:59.0891 PM
[ReportManager] Moved the mouse to the middle of the element. @15-05-2024 18:01:00.0365 PM
[ReportManager] Click "Add to cart". @15-05-2024 18:01:00.0444 PM
[ReportManager] Scenario Step: And I validate that product two is successfully added to cart @15-05-2024 18:01:00.0446 PM
[ReportManager] Alert action failed. @15-05-2024 18:01:00.0500 PM
[ReportManager] java.lang.reflect.InvocationTargetException: null
 java.base/jdk.internal.reflect.DirectMethodHandleAccessor.invoke(DirectMethodHandleAccessor.java:118)
 java.base/java.lang.reflect.Method.invoke(Method.java:580)
 org.openqa.selenium.support.decorators.WebDriverDecorator.call(WebDriverDecorator.java:249)
 org.openqa.selenium.support.decorators.DefaultDecorated.call(DefaultDecorated.java:48)
 org.openqa.selenium.support.decorators.WebDriverDecorator.lambda$createProxy$2(WebDriverDecorator.java:321)
 net.bytebuddy.renamed.java.lang.Object$ByteBuddy$tdl0t6UW.alert(Unknown Source)
 coreElements.Alerts.lambda$AcceptAlert$0(Alerts.java:28)
 org.openqa.selenium.support.ui.FluentWait.until(FluentWait.java:203)
 coreElements.Alerts.AcceptAlert(Alerts.java:26)
 org.example.StepDefinitions.BuyProduct.ValidateAddToCart2(BuyProduct.java:127)
 java.base/jdk.internal.reflect.DirectMethodHandleAccessor.invoke(DirectMethodHandleAccessor.java:103)
 java.base/java.lang.reflect.Method.invoke(Method.java:580)
 io.cucumber.java.Invoker.doInvoke(Invoker.java:66)
 io.cucumber.java.Invoker.invoke(Invoker.java:24)
 io.cucumber.java.AbstractGlueDefinition.invokeMethod(AbstractGlueDefinition.java:47)
 io.cucumber.java.JavaStepDefinition.execute(JavaStepDefinition.java:29)
 io.cucumber.core.runner.CoreStepDefinition.execute(CoreStepDefinition.java:66)
 io.cucumber.core.runner.PickleStepDefinitionMatch.runStep(PickleStepDefinitionMatch.java:63)
 io.cucumber.core.runner.ExecutionMode$1.execute(ExecutionMode.java:10)
 io.cucumber.core.runner.TestStep.executeStep(TestStep.java:81)
 io.cucumber.core.runner.TestStep.run(TestStep.java:53)
 io.cucumber.core.runner.PickleStepTestStep.run(PickleStepTestStep.java:51)
 io.cucumber.core.runner.TestCase.run(TestCase.java:84)
 io.cucumber.core.runner.Runner.runPickle(Runner.java:75)
 io.cucumber.testng.TestNGCucumberRunner.lambda$runScenario$1(TestNGCucumberRunner.java:132)
 io.cucumber.core.runtime.CucumberExecutionContext.lambda$runTestCase$5(CucumberExecutionContext.java:136)
 io.cucumber.core.runtime.RethrowingThrowableCollector.executeAndThrow(RethrowingThrowableCollector.java:23)
 io.cucumber.core.runtime.CucumberExecutionContext.runTestCase(CucumberExecutionContext.java:136)
 io.cucumber.testng.TestNGCucumberRunner.runScenario(TestNGCucumberRunner.java:129)
 io.cucumber.testng.AbstractTestNGCucumberTests.runScenario(AbstractTestNGCucumberTests.java:35)
 java.base/jdk.internal.reflect.DirectMethodHandleAccessor.invoke(DirectMethodHandleAccessor.java:103)
 java.base/java.lang.reflect.Method.invoke(Method.java:580)
 org.testng.internal.invokers.MethodInvocationHelper.invokeMethod(MethodInvocationHelper.java:141)
 org.testng.internal.invokers.TestInvoker.invokeMethod(TestInvoker.java:686)
 org.testng.internal.invokers.TestInvoker.invokeTestMethod(TestInvoker.java:230)
 org.testng.internal.invokers.MethodRunner.runInSequence(MethodRunner.java:63)
 org.testng.internal.invokers.TestInvoker$MethodInvocationAgent.invoke(TestInvoker.java:992)
 org.testng.internal.invokers.TestInvoker.invokeTestMethods(TestInvoker.java:203)
 org.testng.internal.invokers.TestMethodWorker.invokeTestMethods(TestMethodWorker.java:154)
 org.testng.internal.invokers.TestMethodWorker.run(TestMethodWorker.java:134)
 java.base/java.util.ArrayList.forEach(ArrayList.java:1597)
 org.testng.TestRunner.privateRun(TestRunner.java:739)
 org.testng.TestRunner.run(TestRunner.java:614)
 org.testng.SuiteRunner.runTest(SuiteRunner.java:421)
 org.testng.SuiteRunner.runSequentially(SuiteRunner.java:413)
 org.testng.SuiteRunner.privateRun(SuiteRunner.java:373)
 org.testng.SuiteRunner.run(SuiteRunner.java:312)
 org.testng.SuiteRunnerWorker.runSuite(SuiteRunnerWorker.java:52)
 org.testng.SuiteRunnerWorker.run(SuiteRunnerWorker.java:95)
 org.testng.TestNG.runSuitesSequentially(TestNG.java:1274)
 org.testng.TestNG.runSuitesLocally(TestNG.java:1208)
 org.testng.TestNG.runSuites(TestNG.java:1112)
 org.testng.TestNG.run(TestNG.java:1079)
 com.intellij.rt.testng.IDEARemoteTestNG.run(IDEARemoteTestNG.java:65)
 com.intellij.rt.testng.RemoteTestNGStarter.main(RemoteTestNGStarter.java:105)

Caused by: org.openqa.selenium.NoAlertPresentException: no such alert
  (Session info: chrome=124.0.6367.203)
Build info: version: '4.19.1', revision: 'abe0ee07dc'
System info: os.name: 'Windows 10', os.arch: 'amd64', os.version: '10.0', java.version: '22.0.1'
Driver info: org.openqa.selenium.chrome.ChromeDriver
Command: [90bf63286b044bf7e1d99c32290e329c, getAlertText {}]
Capabilities {acceptInsecureCerts: true, browserName: chrome, browserVersion: 124.0.6367.203, chrome: {chromedriverVersion: 124.0.6367.207 (a9001a6e39f..., userDataDir: C:\Users\MED5B~1.TAH\AppDat...}, fedcm:accounts: true, goog:chromeOptions: {debuggerAddress: localhost:62500}, networkConnectionEnabled: false, pageLoadStrategy: normal, platformName: windows, proxy: Proxy(), se:cdp: ws://localhost:62500/devtoo..., se:cdpVersion: 124.0.6367.203, setWindowRect: true, strictFileInteractability: false, timeouts: {implicit: 0, pageLoad: 60000, script: 60000}, unhandledPromptBehavior: ignore, webSocketUrl: ws://localhost:43175/sessio..., webauthn:extension:credBlob: true, webauthn:extension:largeBlob: true, webauthn:extension:minPinLength: true, webauthn:extension:prf: true, webauthn:virtualAuthenticators: true}
Session ID: 90bf63286b044bf7e1d99c32290e329c
 java.base/jdk.internal.reflect.DirectConstructorHandleAccessor.newInstance(DirectConstructorHandleAccessor.java:62)
 java.base/java.lang.reflect.Constructor.newInstanceWithCaller(Constructor.java:502)
 java.base/java.lang.reflect.Constructor.newInstance(Constructor.java:486)
 org.openqa.selenium.remote.ErrorCodec.decode(ErrorCodec.java:167)
 org.openqa.selenium.remote.codec.w3c.W3CHttpResponseCodec.decode(W3CHttpResponseCodec.java:138)
 org.openqa.selenium.remote.codec.w3c.W3CHttpResponseCodec.decode(W3CHttpResponseCodec.java:50)
 org.openqa.selenium.remote.HttpCommandExecutor.execute(HttpCommandExecutor.java:190)
 org.openqa.selenium.remote.service.DriverCommandExecutor.invokeExecute(DriverCommandExecutor.java:216)
 org.openqa.selenium.remote.service.DriverCommandExecutor.execute(DriverCommandExecutor.java:174)
 org.openqa.selenium.remote.RemoteWebDriver.execute(RemoteWebDriver.java:518)
 org.openqa.selenium.remote.RemoteWebDriver.execute(RemoteWebDriver.java:591)
 org.openqa.selenium.remote.RemoteWebDriver.execute(RemoteWebDriver.java:595)
 org.openqa.selenium.remote.RemoteWebDriver$RemoteTargetLocator.alert(RemoteWebDriver.java:1163)
 java.base/jdk.internal.reflect.DirectMethodHandleAccessor.invoke(DirectMethodHandleAccessor.java:103)
 java.base/java.lang.reflect.Method.invoke(Method.java:580)
 org.openqa.selenium.support.decorators.WebDriverDecorator.call(WebDriverDecorator.java:249)
 org.openqa.selenium.support.decorators.DefaultDecorated.call(DefaultDecorated.java:48)
 org.openqa.selenium.support.decorators.WebDriverDecorator.lambda$createProxy$2(WebDriverDecorator.java:321)
 net.bytebuddy.renamed.java.lang.Object$ByteBuddy$tdl0t6UW.alert(Unknown Source)
 coreElements.Alerts.lambda$AcceptAlert$0(Alerts.java:28)
 org.openqa.selenium.support.ui.FluentWait.until(FluentWait.java:203)
 coreElements.Alerts.AcceptAlert(Alerts.java:26)
 org.example.StepDefinitions.BuyProduct.ValidateAddToCart2(BuyProduct.java:127)
 java.base/jdk.internal.reflect.DirectMethodHandleAccessor.invoke(DirectMethodHandleAccessor.java:103)
 java.base/java.lang.reflect.Method.invoke(Method.java:580)
 io.cucumber.java.Invoker.doInvoke(Invoker.java:66)
 io.cucumber.java.Invoker.invoke(Invoker.java:24)
 io.cucumber.java.AbstractGlueDefinition.invokeMethod(AbstractGlueDefinition.java:47)
 io.cucumber.java.JavaStepDefinition.execute(JavaStepDefinition.java:29)
 io.cucumber.core.runner.CoreStepDefinition.execute(CoreStepDefinition.java:66)
 io.cucumber.core.runner.PickleStepDefinitionMatch.runStep(PickleStepDefinitionMatch.java:63)
 io.cucumber.core.runner.ExecutionMode$1.execute(ExecutionMode.java:10)
 io.cucumber.core.runner.TestStep.executeStep(TestStep.java:81)
 io.cucumber.core.runner.TestStep.run(TestStep.java:53)
 io.cucumber.core.runner.PickleStepTestStep.run(PickleStepTestStep.java:51)
 io.cucumber.core.runner.TestCase.run(TestCase.java:84)
 io.cucumber.core.runner.Runner.runPickle(Runner.java:75)
 io.cucumber.testng.TestNGCucumberRunner.lambda$runScenario$1(TestNGCucumberRunner.java:132)
 io.cucumber.core.runtime.CucumberExecutionContext.lambda$runTestCase$5(CucumberExecutionContext.java:136)
 io.cucumber.core.runtime.RethrowingThrowableCollector.executeAndThrow(RethrowingThrowableCollector.java:23)
 io.cucumber.core.runtime.CucumberExecutionContext.runTestCase(CucumberExecutionContext.java:136)
 io.cucumber.testng.TestNGCucumberRunner.runScenario(TestNGCucumberRunner.java:129)
 io.cucumber.testng.AbstractTestNGCucumberTests.runScenario(AbstractTestNGCucumberTests.java:35)
 java.base/jdk.internal.reflect.DirectMethodHandleAccessor.invoke(DirectMethodHandleAccessor.java:103)
 java.base/java.lang.reflect.Method.invoke(Method.java:580)
 org.testng.internal.invokers.MethodInvocationHelper.invokeMethod(MethodInvocationHelper.java:141)
 org.testng.internal.invokers.TestInvoker.invokeMethod(TestInvoker.java:686)
 org.testng.internal.invokers.TestInvoker.invokeTestMethod(TestInvoker.java:230)
 org.testng.internal.invokers.MethodRunner.runInSequence(MethodRunner.java:63)
 org.testng.internal.invokers.TestInvoker$MethodInvocationAgent.invoke(TestInvoker.java:992)
 org.testng.internal.invokers.TestInvoker.invokeTestMethods(TestInvoker.java:203)
 org.testng.internal.invokers.TestMethodWorker.invokeTestMethods(TestMethodWorker.java:154)
 org.testng.internal.invokers.TestMethodWorker.run(TestMethodWorker.java:134)
 java.base/java.util.ArrayList.forEach(ArrayList.java:1597)
 org.testng.TestRunner.privateRun(TestRunner.java:739)
 org.testng.TestRunner.run(TestRunner.java:614)
 org.testng.SuiteRunner.runTest(SuiteRunner.java:421)
 org.testng.SuiteRunner.runSequentially(SuiteRunner.java:413)
 org.testng.SuiteRunner.privateRun(SuiteRunner.java:373)
 org.testng.SuiteRunner.run(SuiteRunner.java:312)
 org.testng.SuiteRunnerWorker.runSuite(SuiteRunnerWorker.java:52)
 org.testng.SuiteRunnerWorker.run(SuiteRunnerWorker.java:95)
 org.testng.TestNG.runSuitesSequentially(TestNG.java:1274)
 org.testng.TestNG.runSuitesLocally(TestNG.java:1208)
 org.testng.TestNG.runSuites(TestNG.java:1112)
 org.testng.TestNG.run(TestNG.java:1079)
 com.intellij.rt.testng.IDEARemoteTestNG.run(IDEARemoteTestNG.java:65)
 com.intellij.rt.testng.RemoteTestNGStarter.main(RemoteTestNGStarter.java:105) @15-05-2024 18:01:00.0500 PM
[ReportManager] Scenario Step: And I click on Cart button in header @15-05-2024 18:01:00.0911 PM
[ReportManager] Moved the mouse to the middle of the element. @15-05-2024 18:01:01.0251 PM
[ReportManager] Click "Cart". @15-05-2024 18:01:01.0790 PM
[ReportManager] Scenario Step: Then I validate that both products are successfully added in products page @15-05-2024 18:01:01.0792 PM
[ReportManager] Expected "true", and actual "true" @15-05-2024 18:01:03.0116 PM
[ReportManager] Successfully created attachment 'Screenshot - Assert_18-01-04-326_15052024' @15-05-2024 18:01:04.0328 PM
[ReportManager] Assertion passed @15-05-2024 18:01:04.0329 PM
[ReportManager] Expected "true", and actual "true" @15-05-2024 18:01:04.0373 PM
[ReportManager] Successfully created attachment 'Screenshot - Assert_18-01-04-744_15052024' @15-05-2024 18:01:04.0746 PM
[ReportManager] Assertion passed @15-05-2024 18:01:04.0746 PM
[ReportManager] Scenario Step: And I validate that the total amount is calculated correctly @15-05-2024 18:01:04.0747 PM
[ReportManager] Get text "790" from "790". @15-05-2024 18:01:04.0790 PM
[ReportManager] Get text "790" from "790". @15-05-2024 18:01:04.0828 PM
[ReportManager] Expected "1580", and actual "1580" @15-05-2024 18:01:04.0900 PM
[ReportManager] Successfully created attachment 'Screenshot - Assert_18-01-05-272_15052024' @15-05-2024 18:01:05.0290 PM
[ReportManager] Assertion passed @15-05-2024 18:01:05.0290 PM
[ReportManager] Scenario Step: And I click on Place order button @15-05-2024 18:01:05.0292 PM
[ReportManager] Moved the mouse to the middle of the element. @15-05-2024 18:01:05.0480 PM
[ReportManager] Click "Place Order". @15-05-2024 18:01:05.0517 PM
[ReportManager] Scenario Step: And I validate that the total amount is calculated correctly in place order page @15-05-2024 18:01:05.0519 PM
[ReportManager] Expected "1580", and actual "Total: 1580" @15-05-2024 18:01:05.0635 PM
[ReportManager] Successfully created attachment 'Screenshot - Assert_18-01-05-982_15052024' @15-05-2024 18:01:05.0984 PM
[ReportManager] Assertion passed @15-05-2024 18:01:05.0984 PM
[ReportManager] Scenario Step: And I fill in  place order form @15-05-2024 18:01:05.0985 PM
[ReportManager] Text cleared Using Native Clear @15-05-2024 18:01:06.0086 PM
[ReportManager] Type "Mohamed" into "Total: 1580 Name:". @15-05-2024 18:01:06.0161 PM
[ReportManager] Text cleared Using Native Clear @15-05-2024 18:01:06.0271 PM
[ReportManager] Type "Egypt" into "Country:". @15-05-2024 18:01:06.0302 PM
[ReportManager] Text cleared Using Native Clear @15-05-2024 18:01:06.0407 PM
[ReportManager] Type "Cairo" into "City:". @15-05-2024 18:01:06.0444 PM
[ReportManager] Text cleared Using Native Clear @15-05-2024 18:01:06.0545 PM
[ReportManager] Type "4263090408056914" into "Credit card:". @15-05-2024 18:01:06.0588 PM
[ReportManager] Text cleared Using Native Clear @15-05-2024 18:01:06.0701 PM
[ReportManager] Type "5" into "Month:". @15-05-2024 18:01:06.0740 PM
[ReportManager] Text cleared Using Native Clear @15-05-2024 18:01:06.0835 PM
[ReportManager] Type "2024" into "Year:". @15-05-2024 18:01:06.0870 PM
[ReportManager] Scenario Step: And I click on Purchase button in place order Form @15-05-2024 18:01:06.0872 PM
[ReportManager] Moved the mouse to the middle of the element. @15-05-2024 18:01:07.0045 PM
[ReportManager] Click "Purchase". @15-05-2024 18:01:07.0180 PM
[ReportManager] Scenario Step: Then I validate that 'Thank you for your purchase!' is displayed @15-05-2024 18:01:07.0183 PM
[ReportManager] Expected "Thank you for your purchase!", and actual "Thank you for your purchase!" @15-05-2024 18:01:07.0276 PM
[ReportManager] Successfully created attachment 'Screenshot - Assert_18-01-07-615_15052024' @15-05-2024 18:01:07.0618 PM
[ReportManager] Assertion passed @15-05-2024 18:01:07.0618 PM
[ReportManager] Moved the mouse to the middle of the element. @15-05-2024 18:01:07.0782 PM
[ReportManager] Click "OK". @15-05-2024 18:01:08.0358 PM
[ReportManager] Scenario Hook: AFTER @15-05-2024 18:01:08.0359 PM
[ReportManager] Successfully Closed Driver. @15-05-2024 18:01:08.0630 PM